2026.01.16 13:52:54 WARN  Using H2 2.4.240 which is newer than the version Flyway has been verified with. The latest verified version of H2 is 2.3.232.
2026.01.16 13:52:54 INFO  no build target found for C:\Users\USER\Desktop\Verilog\Verilog\MyChiselProject\src\main\scala\gcd\GCD.scala. Using presentation compiler with project's scala-library version: 3.3.6
2026.01.16 13:52:57 INFO  no build target found for C:\Users\USER\Desktop\Verilog\Verilog\MyChiselProject\src\main\scala\gcd\GCD.scala. Using presentation compiler with project's scala-library version: 3.3.6
2026.01.16 13:52:58 WARN  scala-cli >= 0.1.3 not found in PATH, fetching and starting a JVM-based Scala CLI
2026.01.16 13:53:01 INFO  Running List(C:\Program Files\Eclipse Adoptium\jdk-25.0.0.36-hotspot\bin\java.exe, -cp, C:\Users\USER\AppData\Local\Coursier\cache\v1\https\repo1.maven.org\maven2\org\virtuslab\scala-cli\cli_3\1.9.1\cli_3-1.9.1.jar;C:\Users\USER\AppData\Local\Coursier\cache\v1\https\repo1.maven.org\maven2\com\github\alexarchambault\case-app_3\2.1.0\case-app_3-2.1.0.jar;C:\Users\USER\AppData\Local\Coursier\cache\v1\https\repo1.maven.org\maven2\io\get-coursier\coursier-launcher_2.13\2.1.24\coursier-launcher_2.13-2.1.24.jar;C:\Users\USER\AppData\Local\Coursier\cache\v1\https\repo1.maven.org\maven2\io\get-coursier\coursier-proxy-setup\2.1.24\coursier-proxy-setup-2.1.24.jar;C:\Users\USER\AppData\Local\Coursier\cache\v1\https\repo1.maven.org\maven2\io\get-coursier\publish\publish_3\0.4.3\publish_3-0.4.3.jar;C:\Users\USER\AppData\Local\Coursier\cache\v1\https\repo1.maven.org\maven2\com\google\jimfs\jimfs\1.3.1\jimfs-1.3.1.jar;C:\Users\USER\AppData\Local\Coursier\cache\v1\https\repo1.maven.org\maven2\io\get-coursier\jniutils\windows-jni-utils\0.3.3\windows-jni-utils-0.3.3.jar;C:\Users\USER\AppData\Local\Coursier\cache\v1\https\repo1.maven.org\maven2\com\github\plokhotnyuk\jsoniter-scala\jsoniter-scala-core_3\2.13.5.2\jsoniter-scala-core_3-2.13.5.2.jar;C:\Users\USER\AppData\Local\Coursier\cache\v1\https\repo1.maven.org\maven2\org\virtuslab\scala-cli\libsodiumjni\0.0.4\libsodiumjni-0.0.4.jar;C:\Users\USER\AppData\Local\Coursier\cache\v1\https\repo1.maven.org\maven2\org\scalameta\metaconfig-typesafe-config_3\0.16.0\metaconfig-typesafe-config_3-0.16.0.jar;C:\Users\USER\AppData\Local\Coursier\cache\v1\https\repo1.maven.org\maven2\ai\kien\python-native-libs_3\0.2.4\python-native-libs_3-0.2.4.jar;C:\Users\USER\AppData\Local\Coursier\cache\v1\https\repo1.maven.org\maven2\org\virtuslab\scala-packager_3\0.2.0\scala-packager_3-0.2.0.jar;C:\Users\USER\AppData\Local\Coursier\cache\v1\https\repo1.maven.org\maven2\org\virtuslab\scala-cli-signing\cli_3\0.2.11\cli_3-0.2.11.jar;C:\Users\USER\AppData\Local\Coursier\cache\v1\https\repo1.maven.org\maven2\org\slf4j\slf4j-nop\2.0.17\slf4j-nop-2.0.17.jar;C:\Users\USER\AppData\Local\Coursier\cache\v1\https\repo1.maven.org\maven2\com\softwaremill\sttp\client3\core_3\3.11.0\core_3-3.11.0.jar;C:\Users\USER\AppData\Local\Coursier\cache\v1\https\repo1.maven.org\maven2\ch\epfl\scala\scalafix-interfaces\0.14.3\scalafix-interfaces-0.14.3.jar;C:\Users\USER\AppData\Local\Coursier\cache\v1\https\repo1.maven.org\maven2\org\scala-lang\scala3-library_3\3.3.6\scala3-library_3-3.3.6.jar;C:\Users\USER\AppData\Local\Coursier\cache\v1\https\repo1.maven.org\maven2\org\virtuslab\scala-cli\build-module_3\1.9.1\build-module_3-1.9.1.jar;C:\Users\USER\AppData\Local\Coursier\cache\v1\https\repo1.maven.org\maven2\org\virtuslab\scala-cli\config_3\1.9.1\config_3-1.9.1.jar;C:\Users\USER\AppData\Local\Coursier\cache\v1\https\repo1.maven.org\maven2\org\virtuslab\scala-cli\scala3-graal_3\1.9.1\scala3-graal_3-1.9.1.jar;C:\Users\USER\AppData\Local\Coursier\cache\v1\https\repo1.maven.org\maven2\org\virtuslab\scala-cli\specification-level_3\1.9.1\specification-level_3-1.9.1.jar;C:\Users\USER\AppData\Local\Coursier\cache\v1\https\repo1.maven.org\maven2\com\lihaoyi\sourcecode_3\0.4.3-M5\sourcecode_3-0.4.3-M5.jar;C:\Users\USER\AppData\Local\Coursier\cache\v1\https\repo1.maven.org\maven2\com\github\alexarchambault\case-app-annotations_3\2.1.0\case-app-annotations_3-2.1.0.jar;C:\Users\USER\AppData\Local\Coursier\cache\v1\https\repo1.maven.org\maven2\com\github\alexarchambault\case-app-util_3\2.1.0\case-app-util_3-2.1.0.jar;C:\Users\USER\AppData\Local\Coursier\cache\v1\https\repo1.maven.org\maven2\io\github\alexarchambault\scala-cli\tmp\zip-input-stream\0.1.1\zip-input-stream-0.1.1.jar;C:\Users\USER\AppData\Local\Coursier\cache\v1\https\repo1.maven.org\maven2\org\scala-lang\scala-library\2.13.16\scala-library-2.13.16.jar;C:\Users\USER\AppData\Local\Coursier\cache\v1\https\repo1.maven.org\maven2\io\get-coursier\coursier-cache_2.13\2.1.24\coursier-cache_2.13-2.1.24.jar;C:\Users\USER\AppData\Local\Coursier\cache\v1\https\repo1.maven.org\maven2\io\get-coursier\coursier-core_2.13\2.1.24\coursier-core_2.13-2.1.24.jar;C:\Users\USER\AppData\Local\Coursier\cache\v1\https\repo1.maven.org\maven2\com\google\guava\guava\33.4.8-jre\guava-33.4.8-jre.jar;C:\Users\USER\AppData\Local\Coursier\cache\v1\https\repo1.maven.org\maven2\net\java\dev\jna\jna\5.13.0\jna-5.13.0.jar;C:\Users\USER\AppData\Local\Coursier\cache\v1\https\repo1.maven.org\maven2\net\java\dev\jna\jna-platform\5.12.1\jna-platform-5.12.1.jar;C:\Users\USER\AppData\Local\Coursier\cache\v1\https\repo1.maven.org\maven2\org\scalameta\metaconfig-core_3\0.16.0\metaconfig-core_3-0.16.0.jar;C:\Users\USER\AppData\Local\Coursier\cache\v1\https\repo1.maven.org\maven2\com\typesafe\config\1.4.3\config-1.4.3.jar;C:\Users\USER\AppData\Local\Coursier\cache\v1\https\repo1.maven.org\maven2\org\scala-lang\modules\scala-collection-compat_3\2.13.0\scala-collection-compat_3-2.13.0.jar;C:\Users\USER\AppData\Local\Coursier\cache\v1\https\repo1.maven.org\maven2\commons-io\commons-io\2.20.0\commons-io-2.20.0.jar;C:\Users\USER\AppData\Local\Coursier\cache\v1\https\repo1.maven.org\maven2\com\google\cloud\tools\jib-core\0.27.3\jib-core-0.27.3.jar;C:\Users\USER\AppData\Local\Coursier\cache\v1\https\repo1.maven.org\maven2\com\lihaoyi\os-lib_3\0.11.5\os-lib_3-0.11.5.jar;C:\Users\USER\AppData\Local\Coursier\cache\v1\https\repo1.maven.org\maven2\org\bouncycastle\bcpg-jdk18on\1.81\bcpg-jdk18on-1.81.jar;C:\Users\USER\AppData\Local\Coursier\cache\v1\https\repo1.maven.org\maven2\org\bouncycastle\bcutil-jdk18on\1.81\bcutil-jdk18on-1.81.jar;C:\Users\USER\AppData\Local\Coursier\cache\v1\https\repo1.maven.org\maven2\org\virtuslab\scala-cli-signing\shared_3\0.2.11\shared_3-0.2.11.jar;C:\Users\USER\AppData\Local\Coursier\cache\v1\https\repo1.maven.org\maven2\org\slf4j\slf4j-api\2.0.17\slf4j-api-2.0.17.jar;C:\Users\USER\AppData\Local\Coursier\cache\v1\https\repo1.maven.org\maven2\com\softwaremill\sttp\model\core_3\1.7.11\core_3-1.7.11.jar;C:\Users\USER\AppData\Local\Coursier\cache\v1\https\repo1.maven.org\maven2\com\softwaremill\sttp\shared\core_3\1.3.22\core_3-1.3.22.jar;C:\Users\USER\AppData\Local\Coursier\cache\v1\https\repo1.maven.org\maven2\com\softwaremill\sttp\shared\ws_3\1.3.22\ws_3-1.3.22.jar;C:\Users\USER\AppData\Local\Coursier\cache\v1\https\repo1.maven.org\maven2\io\get-coursier\interface\1.0.28\interface-1.0.28.jar;C:\Users\USER\AppData\Local\Coursier\cache\v1\https\repo1.maven.org\maven2\org\ow2\asm\asm\9.8\asm-9.8.jar;C:\Users\USER\AppData\Local\Coursier\cache\v1\https\repo1.maven.org\maven2\org\virtuslab\scala-cli\java-class-name\java-class-name_3\0.1.8\java-class-name_3-0.1.8.jar;C:\Users\USER\AppData\Local\Coursier\cache\v1\https\repo1.maven.org\maven2\org\scalameta\semanticdb-shared_2.13\4.13.9\semanticdb-shared_2.13-4.13.9.jar;C:\Users\USER\AppData\Local\Coursier\cache\v1\https\repo1.maven.org\maven2\org\scala-native\test-runner_3\0.5.8\test-runner_3-0.5.8.jar;C:\Users\USER\AppData\Local\Coursier\cache\v1\https\repo1.maven.org\maven2\com\lihaoyi\pprint_3\0.9.3\pprint_3-0.9.3.jar;C:\Users\USER\AppData\Local\Coursier\cache\v1\https\repo1.maven.org\maven2\org\scala-js\scalajs-env-nodejs_2.13\1.4.0\scalajs-env-nodejs_2.13-1.4.0.jar;C:\Users\USER\AppData\Local\Coursier\cache\v1\https\repo1.maven.org\maven2\org\scala-js\scalajs-sbt-test-adapter_2.13\1.20.1\scalajs-sbt-test-adapter_2.13-1.20.1.jar;C:\Users\USER\AppData\Local\Coursier\cache\v1\https\repo1.maven.org\maven2\com\swoval\file-tree-views\2.1.12\file-tree-views-2.1.12.jar;C:\Users\USER\AppData\Local\Coursier\cache\v1\https\repo1.maven.org\maven2\org\virtuslab\scala-cli\zip-input-stream\zip-input-stream\0.1.3\zip-input-stream-0.1.3.jar;C:\Users\USER\AppData\Local\Coursier\cache\v1\https\repo1.maven.org\maven2\org\virtuslab\scala-cli\options_3\1.9.1\options_3-1.9.1.jar;C:\Users\USER\AppData\Local\Coursier\cache\v1\https\repo1.maven.org\maven2\org\virtuslab\scala-cli\directives_3\1.9.1\directives_3-1.9.1.jar;C:\Users\USER\AppData\Local\Coursier\cache\v1\https\repo1.maven.org\maven2\org\virtuslab\scala-cli\scala-cli-bsp\1.9.1\scala-cli-bsp-1.9.1.jar;C:\Users\USER\AppData\Local\Coursier\cache\v1\https\repo1.maven.org\maven2\org\virtuslab\scala-cli\test-runner_3\1.9.1\test-runner_3-1.9.1.jar;C:\Users\USER\AppData\Local\Coursier\cache\v1\https\repo1.maven.org\maven2\org\virtuslab\scala-cli\tasty-lib_3\1.9.1\tasty-lib_3-1.9.1.jar;C:\Users\USER\AppData\Local\Coursier\cache\v1\https\repo1.maven.org\maven2\io\github\alexarchambault\is-terminal\0.1.1\is-terminal-0.1.1.jar;C:\Users\USER\AppData\Local\Coursier\cache\v1\https\repo1.maven.org\maven2\org\codehaus\plexus\plexus-archiver\4.10.0\plexus-archiver-4.10.0.jar;C:\Users\USER\AppData\Local\Coursier\cache\v1\https\repo1.maven.org\maven2\org\codehaus\plexus\plexus-container-default\2.1.1\plexus-container-default-2.1.1.jar;C:\Users\USER\AppData\Local\Coursier\cache\v1\https\repo1.maven.org\maven2\io\github\alexarchambault\windows-ansi\windows-ansi\0.0.6\windows-ansi-0.0.6.jar;C:\Users\USER\AppData\Local\Coursier\cache\v1\https\repo1.maven.org\maven2\io\get-coursier\cache-util\2.1.24\cache-util-2.1.24.jar;C:\Users\USER\AppData\Local\Coursier\cache\v1\https\repo1.maven.org\maven2\io\get-coursier\coursier-util_2.13\2.1.24\coursier-util_2.13-2.1.24.jar;C:\Users\USER\AppData\Local\Coursier\cache\v1\https\repo1.maven.org\maven2\io\github\alexarchambault\concurrent-reference-hash-map\1.1.0\concurrent-reference-hash-map-1.1.0.jar;C:\Users\USER\AppData\Local\Coursier\cache\v1\https\repo1.maven.org\maven2\org\scala-lang\modules\scala-xml_2.13\2.3.0\scala-xml_2.13-2.3.0.jar;C:\Users\USER\AppData\Local\Coursier\cache\v1\https\repo1.maven.org\maven2\com\google\guava\failureaccess\1.0.3\failureaccess-1.0.3.jar;C:\Users\USER\AppData\Local\Coursier\cache\v1\https\repo1.maven.org\maven2\com\google\guava\listenablefuture\9999.0-empty-to-avoid-conflict-with-guava\listenablefuture-9999.0-empty-to-avoid-conflict-with-guava.jar;C:\Users\USER\AppData\Local\Coursier\cache\v1\https\repo1.maven.org\maven2\org\jspecify\jspecify\1.0.0\jspecify-1.0.0.jar;C:\Users\USER\AppData\Local\Coursier\cache\v1\https\repo1.maven.org\maven2\com\google\errorprone\error_prone_annotations\2.36.0\error_prone_annotations-2.36.0.jar;C:\Users\USER\AppData\Local\Coursier\cache\v1\https\repo1.maven.org\maven2\com\google\j2objc\j2objc-annotations\3.0.0\j2objc-annotations-3.0.0.jar;C:\Users\USER\AppData\Local\Coursier\cache\v1\https\repo1.maven.org\maven2\org\scalameta\metaconfig-pprint_3\0.16.0\metaconfig-pprint_3-0.16.0.jar;C:\Users\USER\AppData\Local\Coursier\cache\v1\https\repo1.maven.org\maven2\org\typelevel\paiges-core_3\0.4.4\paiges-core_3-0.4.4.jar;C:\Users\USER\AppData\Local\Coursier\cache\v1\https\repo1.maven.org\maven2\org\scala-lang\scala-reflect\2.13.16\scala-reflect-2.13.16.jar;C:\Users\USER\AppData\Local\Coursier\cache\v1\https\repo1.maven.org\maven2\com\google\cloud\tools\jib-build-plan\0.4.0\jib-build-plan-0.4.0.jar;C:\Users\USER\AppData\Local\Coursier\cache\v1\https\repo1.maven.org\maven2\com\google\http-client\google-http-client\1.42.2\google-http-client-1.42.2.jar;C:\Users\USER\AppData\Local\Coursier\cache\v1\https\repo1.maven.org\maven2\com\google\http-client\google-http-client-apache-v2\1.42.2\google-http-client-apache-v2-1.42.2.jar;C:\Users\USER\AppData\Local\Coursier\cache\v1\https\repo1.maven.org\maven2\com\google\auth\google-auth-library-oauth2-http\1.10.0\google-auth-library-oauth2-http-1.10.0.jar;C:\Users\USER\AppData\Local\Coursier\cache\v1\https\repo1.maven.org\maven2\org\apache\commons\commons-compress\1.26.2\commons-compress-1.26.2.jar;C:\Users\USER\AppData\Local\Coursier\cache\v1\https\repo1.maven.org\maven2\com\fasterxml\jackson\core\jackson-databind\2.15.2\jackson-databind-2.15.2.jar;C:\Users\USER\AppData\Local\Coursier\cache\v1\https\repo1.maven.org\maven2\com\fasterxml\jackson\datatype\jackson-datatype-jsr310\2.15.2\jackson-datatype-jsr310-2.15.2.jar;C:\Users\USER\AppData\Local\Coursier\cache\v1\https\repo1.maven.org\maven2\com\lihaoyi\geny_3\1.1.1\geny_3-1.1.1.jar;C:\Users\USER\AppData\Local\Coursier\cache\v1\https\repo1.maven.org\maven2\com\lihaoyi\os-zip\0.11.5\os-zip-0.11.5.jar;C:\Users\USER\AppData\Local\Coursier\cache\v1\https\repo1.maven.org\maven2\org\bouncycastle\bcprov-jdk18on\1.81\bcprov-jdk18on-1.81.jar;C:\Users\USER\AppData\Local\Coursier\cache\v1\https\repo1.maven.org\maven2\org\jline\jline-terminal-jni\3.25.0\jline-terminal-jni-3.25.0.jar;C:\Users\USER\AppData\Local\Coursier\cache\v1\https\repo1.maven.org\maven2\org\jline\jline-native\3.25.0\jline-native-3.25.0.jar;C:\Users\USER\AppData\Local\Coursier\cache\v1\https\repo1.maven.org\maven2\org\scala-lang\scala3-compiler_3\3.3.6\scala3-compiler_3-3.3.6.jar;C:\Users\USER\AppData\Local\Coursier\cache\v1\https\repo1.maven.org\maven2\org\scalameta\scalameta_2.13\4.13.9\scalameta_2.13-4.13.9.jar;C:\Users\USER\AppData\Local\Coursier\cache\v1\https\repo1.maven.org\maven2\org\scala-lang\scalap\2.13.13\scalap-2.13.13.jar;C:\Users\USER\AppData\Local\Coursier\cache\v1\https\repo1.maven.org\maven2\com\thesamet\scalapb\scalapb-runtime_2.13\0.11.15\scalapb-runtime_2.13-0.11.15.jar;C:\Users\USER\AppData\Local\Coursier\cache\v1\https\repo1.maven.org\maven2\org\scala-native\tools_3\0.5.8\tools_3-0.5.8.jar;C:\Users\USER\AppData\Local\Coursier\cache\v1\https\repo1.maven.org\maven2\org\scala-sbt\test-interface\1.0\test-interface-1.0.jar;C:\Users\USER\AppData\Local\Coursier\cache\v1\https\repo1.maven.org\maven2\com\github\sbt\junit-interface\0.13.3\junit-interface-0.13.3.jar;C:\Users\USER\AppData\Local\Coursier\cache\v1\https\repo1.maven.org\maven2\junit\junit\4.13.2\junit-4.13.2.jar;C:\Users\USER\AppData\Local\Coursier\cache\v1\https\repo1.maven.org\maven2\com\lihaoyi\fansi_3\0.5.1\fansi_3-0.5.1.jar;C:\Users\USER\AppData\Local\Coursier\cache\v1\https\repo1.maven.org\maven2\org\scala-js\scalajs-js-envs_2.13\1.4.0\scalajs-js-envs_2.13-1.4.0.jar;C:\Users\USER\AppData\Local\Coursier\cache\v1\https\repo1.maven.org\maven2\ch\epfl\scala\bloop-config_2.13\2.3.2\bloop-config_2.13-2.3.2.jar;C:\Users\USER\AppData\Local\Coursier\cache\v1\https\repo1.maven.org\maven2\org\virtuslab\scala-cli\core_3\1.9.1\core_3-1.9.1.jar;C:\Users\USER\AppData\Local\Coursier\cache\v1\https\repo1.maven.org\maven2\org\virtuslab\using_directives\1.1.4\using_directives-1.1.4.jar;C:\Users\USER\AppData\Local\Coursier\cache\v1\https\repo1.maven.org\maven2\org\virtuslab\scala-cli\build-macros_3\1.9.1\build-macros_3-1.9.1.jar;C:\Users\USER\AppData\Local\Coursier\cache\v1\https\repo1.maven.org\maven2\ch\epfl\scala\bsp4j\2.1.1\bsp4j-2.1.1.jar;C:\Users\USER\AppData\Local\Coursier\cache\v1\https\repo1.maven.org\maven2\javax\inject\javax.inject\1\javax.inject-1.jar;C:\Users\USER\AppData\Local\Coursier\cache\v1\https\repo1.maven.org\maven2\org\codehaus\plexus\plexus-utils\4.0.1\plexus-utils-4.0.1.jar;C:\Users\USER\AppData\Local\Coursier\cache\v1\https\repo1.maven.org\maven2\org\codehaus\plexus\plexus-io\3.5.0\plexus-io-3.5.0.jar;C:\Users\USER\AppData\Local\Coursier\cache\v1\https\repo1.maven.org\maven2\io\airlift\aircompressor\0.27\aircompressor-0.27.jar;C:\Users\USER\AppData\Local\Coursier\cache\v1\https\repo1.maven.org\maven2\org\tukaani\xz\1.9\xz-1.9.jar;C:\Users\USER\AppData\Local\Coursier\cache\v1\https\repo1.maven.org\maven2\com\github\luben\zstd-jni\1.5.6-3\zstd-jni-1.5.6-3.jar;C:\Users\USER\AppData\Local\Coursier\cache\v1\https\repo1.maven.org\maven2\org\codehaus\plexus\plexus-classworlds\2.6.0\plexus-classworlds-2.6.0.jar;C:\Users\USER\AppData\Local\Coursier\cache\v1\https\repo1.maven.org\maven2\org\apache\xbean\xbean-reflect\3.7\xbean-reflect-3.7.jar;C:\Users\USER\AppData\Local\Coursier\cache\v1\https\repo1.maven.org\maven2\org\fusesource\jansi\jansi\2.4.1\jansi-2.4.1.jar;C:\Users\USER\AppData\Local\Coursier\cache\v1\https\repo1.maven.org\maven2\org\apache\httpcomponents\httpclient\4.5.13\httpclient-4.5.13.jar;C:\Users\USER\AppData\Local\Coursier\cache\v1\https\repo1.maven.org\maven2\org\apache\httpcomponents\httpcore\4.4.15\httpcore-4.4.15.jar;C:\Users\USER\AppData\Local\Coursier\cache\v1\https\repo1.maven.org\maven2\com\google\code\findbugs\jsr305\3.0.2\jsr305-3.0.2.jar;C:\Users\USER\AppData\Local\Coursier\cache\v1\https\repo1.maven.org\maven2\io\opencensus\opencensus-api\0.31.1\opencensus-api-0.31.1.jar;C:\Users\USER\AppData\Local\Coursier\cache\v1\https\repo1.maven.org\maven2\io\opencensus\opencensus-contrib-http-util\0.31.1\opencensus-contrib-http-util-0.31.1.jar;C:\Users\USER\AppData\Local\Coursier\cache\v1\https\repo1.maven.org\maven2\com\google\auto\value\auto-value-annotations\1.9\auto-value-annotations-1.9.jar;C:\Users\USER\AppData\Local\Coursier\cache\v1\https\repo1.maven.org\maven2\com\google\auth\google-auth-library-credentials\1.10.0\google-auth-library-credentials-1.10.0.jar;C:\Users\USER\AppData\Local\Coursier\cache\v1\https\repo1.maven.org\maven2\com\google\http-client\google-http-client-gson\1.42.2\google-http-client-gson-1.42.2.jar;C:\Users\USER\AppData\Local\Coursier\cache\v1\https\repo1.maven.org\maven2\commons-codec\commons-codec\1.18.0\commons-codec-1.18.0.jar;C:\Users\USER\AppData\Local\Coursier\cache\v1\https\repo1.maven.org\maven2\org\apache\commons\commons-lang3\3.14.0\commons-lang3-3.14.0.jar;C:\Users\USER\AppData\Local\Coursier\cache\v1\https\repo1.maven.org\maven2\com\fasterxml\jackson\core\jackson-annotations\2.15.2\jackson-annotations-2.15.2.jar;C:\Users\USER\AppData\Local\Coursier\cache\v1\https\repo1.maven.org\maven2\com\fasterxml\jackson\core\jackson-core\2.15.2\jackson-core-2.15.2.jar;C:\Users\USER\AppData\Local\Coursier\cache\v1\https\repo1.maven.org\maven2\org\scala-lang\scala3-interfaces\3.3.6\scala3-interfaces-3.3.6.jar;C:\Users\USER\AppData\Local\Coursier\cache\v1\https\repo1.maven.org\maven2\org\scala-lang\tasty-core_3\3.3.6\tasty-core_3-3.3.6.jar;C:\Users\USER\AppData\Local\Coursier\cache\v1\https\repo1.maven.org\maven2\org\scala-lang\modules\scala-asm\9.8.0-scala-1\scala-asm-9.8.0-scala-1.jar;C:\Users\USER\AppData\Local\Coursier\cache\v1\https\repo1.maven.org\maven2\org\scala-sbt\compiler-interface\1.10.4\compiler-interface-1.10.4.jar;C:\Users\USER\AppData\Local\Coursier\cache\v1\https\repo1.maven.org\maven2\org\scalameta\parsers_2.13\4.13.9\parsers_2.13-4.13.9.jar;C:\Users\USER\AppData\Local\Coursier\cache\v1\https\repo1.maven.org\maven2\org\scala-lang\scala-compiler\2.13.13\scala-compiler-2.13.13.jar;C:\Users\USER\AppData\Local\Coursier\cache\v1\https\repo1.maven.org\maven2\com\thesamet\scalapb\lenses_2.13\0.11.15\lenses_2.13-0.11.15.jar;C:\Users\USER\AppData\Local\Coursier\cache\v1\https\repo1.maven.org\maven2\com\google\protobuf\protobuf-java\3.19.6\protobuf-java-3.19.6.jar;C:\Users\USER\AppData\Local\Coursier\cache\v1\https\repo1.maven.org\maven2\org\scala-native\nir_3\0.5.8\nir_3-0.5.8.jar;C:\Users\USER\AppData\Local\Coursier\cache\v1\https\repo1.maven.org\maven2\org\scala-native\util_3\0.5.8\util_3-0.5.8.jar;C:\Users\USER\AppData\Local\Coursier\cache\v1\https\repo1.maven.org\maven2\org\hamcrest\hamcrest-core\1.3\hamcrest-core-1.3.jar;C:\Users\USER\AppData\Local\Coursier\cache\v1\https\repo1.maven.org\maven2\org\scala-js\scalajs-logging_2.13\1.1.1\scalajs-logging_2.13-1.1.1.jar;C:\Users\USER\AppData\Local\Coursier\cache\v1\https\repo1.maven.org\maven2\com\lihaoyi\unroll-annotation_2.13\0.1.12\unroll-annotation_2.13-0.1.12.jar;C:\Users\USER\AppData\Local\Coursier\cache\v1\https\repo1.maven.org\maven2\ch\epfl\scala\bloop-rifle_2.13\2.0.13\bloop-rifle_2.13-2.0.13.jar;C:\Users\USER\AppData\Local\Coursier\cache\v1\https\repo1.maven.org\maven2\io\get-coursier\coursier-jvm_2.13\2.1.24\coursier-jvm_2.13-2.1.24.jar;C:\Users\USER\AppData\Local\Coursier\cache\v1\https\repo1.maven.org\maven2\io\get-coursier\dependency_3\0.3.2\dependency_3-0.3.2.jar;C:\Users\USER\AppData\Local\Coursier\cache\v1\https\repo1.maven.org\maven2\org\eclipse\jgit\org.eclipse.jgit\7.3.0.202506031305-r\org.eclipse.jgit-7.3.0.202506031305-r.jar;C:\Users\USER\AppData\Local\Coursier\cache\v1\https\repo1.maven.org\maven2\org\scala-js\scalajs-env-jsdom-nodejs_2.13\1.1.0\scalajs-env-jsdom-nodejs_2.13-1.1.0.jar;C:\Users\USER\AppData\Local\Coursier\cache\v1\https\repo1.maven.org\maven2\org\eclipse\lsp4j\org.eclipse.lsp4j.generator\0.20.1\org.eclipse.lsp4j.generator-0.20.1.jar;C:\Users\USER\AppData\Local\Coursier\cache\v1\https\repo1.maven.org\maven2\org\eclipse\lsp4j\org.eclipse.lsp4j.jsonrpc\0.20.1\org.eclipse.lsp4j.jsonrpc-0.20.1.jar;C:\Users\USER\AppData\Local\Coursier\cache\v1\https\repo1.maven.org\maven2\commons-logging\commons-logging\1.2\commons-logging-1.2.jar;C:\Users\USER\AppData\Local\Coursier\cache\v1\https\repo1.maven.org\maven2\io\grpc\grpc-context\1.27.2\grpc-context-1.27.2.jar;C:\Users\USER\AppData\Local\Coursier\cache\v1\https\repo1.maven.org\maven2\com\google\code\gson\gson\2.10.1\gson-2.10.1.jar;C:\Users\USER\AppData\Local\Coursier\cache\v1\https\repo1.maven.org\maven2\org\scala-sbt\util-interface\1.10.4\util-interface-1.10.4.jar;C:\Users\USER\AppData\Local\Coursier\cache\v1\https\repo1.maven.org\maven2\org\scalameta\trees_2.13\4.13.9\trees_2.13-4.13.9.jar;C:\Users\USER\AppData\Local\Coursier\cache\v1\https\repo1.maven.org\maven2\io\github\java-diff-utils\java-diff-utils\4.12\java-diff-utils-4.12.jar;C:\Users\USER\AppData\Local\Coursier\cache\v1\https\repo1.maven.org\maven2\ch\epfl\scala\libdaemon_2.13\0.0.12\libdaemon_2.13-0.0.12.jar;C:\Users\USER\AppData\Local\Coursier\cache\v1\https\repo1.maven.org\maven2\io\github\alexarchambault\scala-cli\snailgun\snailgun-core_2.13\0.4.1-sc2\snailgun-core_2.13-0.4.1-sc2.jar;C:\Users\USER\AppData\Local\Coursier\cache\v1\https\repo1.maven.org\maven2\io\get-coursier\coursier_2.13\2.1.24\coursier_2.13-2.1.24.jar;C:\Users\USER\AppData\Local\Coursier\cache\v1\https\repo1.maven.org\maven2\io\get-coursier\coursier-env_2.13\2.1.24\coursier-env_2.13-2.1.24.jar;C:\Users\USER\AppData\Local\Coursier\cache\v1\https\repo1.maven.org\maven2\com\googlecode\javaewah\JavaEWAH\1.2.3\JavaEWAH-1.2.3.jar;C:\Users\USER\AppData\Local\Coursier\cache\v1\https\repo1.maven.org\maven2\org\eclipse\xtend\org.eclipse.xtend.lib\2.28.0\org.eclipse.xtend.lib-2.28.0.jar;C:\Users\USER\AppData\Local\Coursier\cache\v1\https\repo1.maven.org\maven2\org\scalameta\common_2.13\4.13.9\common_2.13-4.13.9.jar;C:\Users\USER\AppData\Local\Coursier\cache\v1\https\repo1.maven.org\maven2\org\scalameta\io_2.13\4.13.9\io_2.13-4.13.9.jar;C:\Users\USER\AppData\Local\Coursier\cache\v1\https\repo1.maven.org\maven2\org\eclipse\xtext\org.eclipse.xtext.xbase.lib\2.28.0\org.eclipse.xtext.xbase.lib-2.28.0.jar;C:\Users\USER\AppData\Local\Coursier\cache\v1\https\repo1.maven.org\maven2\org\eclipse\xtend\org.eclipse.xtend.lib.macro\2.28.0\org.eclipse.xtend.lib.macro-2.28.0.jar, scala.cli.ScalaCli, bsp, C:\Users\USER\Desktop\Verilog)
2026.01.16 13:53:01 INFO  tracing is disabled for protocol BSP, to enable tracing of incoming and outgoing JSON messages create an empty file at C:\Users\USER\Desktop\Verilog\.metals\bsp.trace.json or C:\Users\USER\AppData\Local\scalameta\metals\cache\bsp.trace.json
2026.01.16 13:53:02 INFO  Scala CLI: WARNING: A terminally deprecated method in sun.misc.Unsafe has been called
2026.01.16 13:53:02 INFO  Scala CLI: WARNING: sun.misc.Unsafe::objectFieldOffset has been called by scala.runtime.LazyVals$ (file:/C:/Users/USER/AppData/Local/Coursier/cache/v1/https/repo1.maven.org/maven2/org/scala-lang/scala3-library_3/3.3.6/scala3-library_3-3.3.6.jar)
2026.01.16 13:53:02 INFO  Scala CLI: WARNING: Please consider reporting this to the maintainers of class scala.runtime.LazyVals$
2026.01.16 13:53:02 INFO  Scala CLI: WARNING: sun.misc.Unsafe::objectFieldOffset will be removed in a future release
2026.01.16 13:53:02 INFO  Scala CLI: WARNING: A restricted method in java.lang.System has been called
2026.01.16 13:53:02 INFO  Scala CLI: WARNING: java.lang.System::load has been called by coursier.jniutils.LoadWindowsLibrary in an unnamed module (file:/C:/Users/USER/AppData/Local/Coursier/cache/v1/https/repo1.maven.org/maven2/io/get-coursier/jniutils/windows-jni-utils/0.3.3/windows-jni-utils-0.3.3.jar)
2026.01.16 13:53:02 INFO  Scala CLI: WARNING: Use --enable-native-access=ALL-UNNAMED to avoid a warning for callers in this module
2026.01.16 13:53:02 INFO  Scala CLI: WARNING: Restricted methods will be blocked in a future release unless native access is enabled
2026.01.16 13:53:02 INFO  Scala CLI: 
2026.01.16 13:53:10 INFO  Scala CLI: Starting compilation server
2026.01.16 13:53:16 INFO  Connected to Scala CLI server v1.9.1
2026.01.16 13:53:17 INFO  compiling verilog_d5c0a6989e (4 scala sources)
2026.01.16 13:53:25 WARN  Using H2 2.4.240 which is newer than the version Flyway has been verified with. The latest verified version of H2 is 2.3.232.
2026.01.16 13:53:26 INFO  time: compiled Verilog_d5c0a6989e in 8.59s
2026.01.16 13:53:26 INFO  compiling verilog_d5c0a6989e (4 scala sources)
2026.01.16 13:53:29 INFO  time: indexed workspace in 13s
2026.01.16 13:53:29 INFO  time: compiled Verilog_d5c0a6989e in 2.68s
2026.01.16 13:53:30 INFO  compiling verilog_d5c0a6989e (4 scala sources)
2026.01.16 13:53:32 INFO  time: compiled Verilog_d5c0a6989e in 2.05s
2026.01.16 13:53:33 INFO  Scala CLI started for C:\Users\USER\Desktop\Verilog
2026.01.16 13:53:33 WARN  no build tool detected in workspace 'C:\Users\USER\Desktop\Verilog'. The most common cause for this problem is that the editor was opened in the wrong working directory, for example if you use sbt then the workspace directory should contain build.sbt. 
2026.01.16 13:53:33 WARN  Build server is not auto-connectable.
1月 16, 2026 1:53:40 下午 org.eclipse.lsp4j.jsonrpc.services.GenericEndpoint notify
資訊: Unsupported notification method: $/setTrace
2026.01.16 14:04:38 INFO  no build target found for C:\Users\USER\Desktop\Verilog\Verilog\MyChiselProject\src\main\scala\gcd\GCDGenerator.scala. Using presentation compiler with project's scala-library version: 3.7.3
2026.01.16 14:04:38 INFO  no build target found for C:\Users\USER\Desktop\Verilog\Verilog\MyChiselProject\src\main\scala\gcd\GCDGenerator.scala. Using presentation compiler with project's scala-library version: 3.7.3
2026.01.16 14:04:38 WARN  no build target for: C:\Users\USER\Desktop\Verilog\Verilog\MyChiselProject\src\main\scala\gcd\GCDGenerator.scala
2026.01.16 14:04:38 WARN  Could not find semantic tokens for: file:///C:/Users/USER/Desktop/Verilog/Verilog/MyChiselProject/src/main/scala/gcd/GCDGenerator.scala
2026.01.16 14:04:38 INFO  no build target found for C:\Users\USER\Desktop\Verilog\Verilog\MyChiselProject\src\main\scala\gcd\GCDGenerator.scala. Using presentation compiler with project's scala-library version: 3.7.3
2026.01.16 14:04:38 INFO  no build target found for C:\Users\USER\Desktop\Verilog\Verilog\MyChiselProject\src\main\scala\gcd\GCDGenerator.scala. Using presentation compiler with project's scala-library version: 3.7.3
2026.01.16 14:04:38 WARN  Could not find semantic tokens for: file:///C:/Users/USER/Desktop/Verilog/Verilog/MyChiselProject/src/main/scala/gcd/GCDGenerator.scala
2026.01.16 14:04:39 WARN  No build server connected
2026.01.16 14:04:39 INFO  compiling verilog_d5c0a6989e (5 scala sources)
2026.01.16 14:04:40 INFO  time: compiled Verilog_d5c0a6989e in 0.87s
2026.01.16 14:04:40 INFO  compiling verilog_d5c0a6989e (5 scala sources)
2026.01.16 14:04:41 INFO  time: compiled Verilog_d5c0a6989e in 0.68s
2026.01.16 14:04:43 INFO  no build target found for C:\Users\USER\Desktop\Verilog\Verilog\MyChiselProject\src\main\scala\gcd\GCDGenerator.scala. Using presentation compiler with project's scala-library version: 3.7.3
2026.01.16 14:04:43 INFO  no build target found for C:\Users\USER\Desktop\Verilog\Verilog\MyChiselProject\src\main\scala\gcd\GCDGenerator.scala. Using presentation compiler with project's scala-library version: 3.7.3
2026.01.16 14:04:43 INFO  no build target found for C:\Users\USER\Desktop\Verilog\Verilog\MyChiselProject\src\main\scala\gcd\GCDGenerator.scala. Using presentation compiler with project's scala-library version: 3.7.3
2026.01.16 14:04:43 INFO  no build target found for C:\Users\USER\Desktop\Verilog\Verilog\MyChiselProject\src\main\scala\gcd\GCDGenerator.scala. Using presentation compiler with project's scala-library version: 3.7.3
2026.01.16 14:04:49 INFO  no build target found for C:\Users\USER\Desktop\Verilog\Verilog\MyChiselProject\src\main\scala\gcd\GCDGenerator.scala. Using presentation compiler with project's scala-library version: 3.7.3
2026.01.16 14:04:49 WARN  no build target for: C:\Users\USER\Desktop\Verilog\Verilog\MyChiselProject\src\main\scala\gcd\GCDGenerator.scala
2026.01.16 14:29:28 INFO  no build target found for C:\Users\USER\Desktop\Verilog\Verilog\MyChiselProject\build.sbt. Using presentation compiler with project's scala-library version: 3.7.3
2026.01.16 14:29:28 WARN  no build target for: C:\Users\USER\Desktop\Verilog\Verilog\MyChiselProject\build.sbt
2026.01.16 14:29:28 INFO  no build target found for C:\Users\USER\Desktop\Verilog\Verilog\MyChiselProject\build.sbt. Using presentation compiler with project's scala-library version: 3.7.3
2026.01.16 14:29:28 INFO  no build target found for C:\Users\USER\Desktop\Verilog\Verilog\MyChiselProject\build.sbt. Using presentation compiler with project's scala-library version: 3.7.3
2026.01.16 14:29:28 INFO  no build target found for C:\Users\USER\Desktop\Verilog\Verilog\MyChiselProject\build.sbt. Using presentation compiler with project's scala-library version: 3.7.3
2026.01.16 14:29:28 INFO  no build target found for C:\Users\USER\Desktop\Verilog\Verilog\MyChiselProject\build.sbt. Using presentation compiler with project's scala-library version: 3.7.3
2026.01.16 14:33:56 INFO  no build target found for C:\Users\USER\Desktop\Verilog\Verilog\MyChiselProject\build.sbt. Using presentation compiler with project's scala-library version: 3.7.3
2026.01.16 14:34:44 INFO  no build target found for C:\Users\USER\Desktop\Verilog\Verilog\Scala\hello.scala. Using presentation compiler with project's scala-library version: 3.7.3
2026.01.16 14:34:44 WARN  no build target for: C:\Users\USER\Desktop\Verilog\Verilog\Scala\hello.scala
2026.01.16 14:34:44 INFO  no build target found for C:\Users\USER\Desktop\Verilog\Verilog\Scala\hello.scala. Using presentation compiler with project's scala-library version: 3.7.3
2026.01.16 14:34:44 WARN  Could not find semantic tokens for: file:///C:/Users/USER/Desktop/Verilog/Verilog/Scala/hello.scala
2026.01.16 14:34:44 INFO  no build target found for C:\Users\USER\Desktop\Verilog\Verilog\Scala\hello.scala. Using presentation compiler with project's scala-library version: 3.7.3
2026.01.16 14:34:44 WARN  Could not find semantic tokens for: file:///C:/Users/USER/Desktop/Verilog/Verilog/Scala/hello.scala
2026.01.16 14:34:45 WARN  No build server connected
2026.01.16 14:34:45 INFO  compiling verilog_d5c0a6989e (6 scala sources)
2026.01.16 14:34:45 INFO  time: compiled Verilog_d5c0a6989e in 0.76s
2026.01.16 14:34:46 INFO  compiling verilog_d5c0a6989e (6 scala sources)
2026.01.16 14:34:46 INFO  time: compiled Verilog_d5c0a6989e in 0.64s
1月 16, 2026 2:34:50 下午 org.eclipse.lsp4j.jsonrpc.services.GenericEndpoint notify
資訊: Unsupported notification method: $/setTrace
2026.01.16 14:34:54 INFO  no build target found for C:\Users\USER\Desktop\Verilog\Verilog\Scala\hello.scala. Using presentation compiler with project's scala-library version: 3.7.3
2026.01.16 14:34:54 INFO  no build target found for C:\Users\USER\Desktop\Verilog\Verilog\Scala\hello.scala. Using presentation compiler with project's scala-library version: 3.7.3
2026.01.16 14:34:54 INFO  no build target found for C:\Users\USER\Desktop\Verilog\Verilog\Scala\hello.scala. Using presentation compiler with project's scala-library version: 3.7.3
2026.01.16 14:34:54 INFO  no build target found for C:\Users\USER\Desktop\Verilog\Verilog\Scala\hello.scala. Using presentation compiler with project's scala-library version: 3.7.3
2026.01.16 14:34:54 INFO  no build target found for C:\Users\USER\Desktop\Verilog\Verilog\Scala\hello.scala. Using presentation compiler with project's scala-library version: 3.7.3
2026.01.16 14:34:54 WARN  Could not find semantic tokens for: file:///C:/Users/USER/Desktop/Verilog/Verilog/Scala/hello.scala
2026.01.16 14:34:54 INFO  no build target found for C:\Users\USER\Desktop\Verilog\Verilog\Scala\hello.scala. Using presentation compiler with project's scala-library version: 3.7.3
2026.01.16 14:34:54 INFO  no build target found for C:\Users\USER\Desktop\Verilog\Verilog\Scala\hello.scala. Using presentation compiler with project's scala-library version: 3.7.3
2026.01.16 14:34:54 INFO  no build target found for C:\Users\USER\Desktop\Verilog\Verilog\Scala\hello.scala. Using presentation compiler with project's scala-library version: 3.7.3
2026.01.16 14:34:54 INFO  no build target found for C:\Users\USER\Desktop\Verilog\Verilog\Scala\hello.scala. Using presentation compiler with project's scala-library version: 3.7.3
2026.01.16 14:34:55 WARN  Could not find semantic tokens for: file:///C:/Users/USER/Desktop/Verilog/Verilog/Scala/hello.scala
2026.01.16 14:34:54 INFO  no build target found for C:\Users\USER\Desktop\Verilog\Verilog\Scala\hello.scala. Using presentation compiler with project's scala-library version: 3.7.3
2026.01.16 14:34:56 INFO  no build target found for C:\Users\USER\Desktop\Verilog\Verilog\Scala\hello.scala. Using presentation compiler with project's scala-library version: 3.7.3
2026.01.16 14:34:56 INFO  no build target found for C:\Users\USER\Desktop\Verilog\Verilog\Scala\hello.scala. Using presentation compiler with project's scala-library version: 3.7.3
2026.01.16 14:34:56 INFO  no build target found for C:\Users\USER\Desktop\Verilog\Verilog\Scala\hello.scala. Using presentation compiler with project's scala-library version: 3.7.3
2026.01.16 14:34:56 INFO  no build target found for C:\Users\USER\Desktop\Verilog\Verilog\Scala\hello.scala. Using presentation compiler with project's scala-library version: 3.7.3
2026.01.16 14:34:56 WARN  Could not find semantic tokens for: file:///C:/Users/USER/Desktop/Verilog/Verilog/Scala/hello.scala
2026.01.16 14:34:56 INFO  no build target found for C:\Users\USER\Desktop\Verilog\Verilog\Scala\hello.scala. Using presentation compiler with project's scala-library version: 3.7.3
2026.01.16 14:34:56 INFO  no build target found for C:\Users\USER\Desktop\Verilog\Verilog\Scala\hello.scala. Using presentation compiler with project's scala-library version: 3.7.3
2026.01.16 14:34:56 INFO  no build target found for C:\Users\USER\Desktop\Verilog\Verilog\Scala\hello.scala. Using presentation compiler with project's scala-library version: 3.7.3
2026.01.16 14:34:56 INFO  no build target found for C:\Users\USER\Desktop\Verilog\Verilog\Scala\hello.scala. Using presentation compiler with project's scala-library version: 3.7.3
2026.01.16 14:34:56 INFO  no build target found for C:\Users\USER\Desktop\Verilog\Verilog\Scala\hello.scala. Using presentation compiler with project's scala-library version: 3.7.3
2026.01.16 14:34:57 INFO  no build target found for C:\Users\USER\Desktop\Verilog\Verilog\Scala\hello.scala. Using presentation compiler with project's scala-library version: 3.7.3
2026.01.16 14:34:57 INFO  no build target found for C:\Users\USER\Desktop\Verilog\Verilog\Scala\hello.scala. Using presentation compiler with project's scala-library version: 3.7.3
2026.01.16 14:34:57 INFO  no build target found for C:\Users\USER\Desktop\Verilog\Verilog\Scala\hello.scala. Using presentation compiler with project's scala-library version: 3.7.3
2026.01.16 14:34:57 INFO  no build target found for C:\Users\USER\Desktop\Verilog\Verilog\Scala\hello.scala. Using presentation compiler with project's scala-library version: 3.7.3
2026.01.16 14:34:57 INFO  no build target found for C:\Users\USER\Desktop\Verilog\Verilog\Scala\hello.scala. Using presentation compiler with project's scala-library version: 3.7.3
2026.01.16 14:34:57 INFO  no build target found for C:\Users\USER\Desktop\Verilog\Verilog\Scala\hello.scala. Using presentation compiler with project's scala-library version: 3.7.3
2026.01.16 14:34:58 INFO  no build target found for C:\Users\USER\Desktop\Verilog\Verilog\Scala\hello.scala. Using presentation compiler with project's scala-library version: 3.7.3
2026.01.16 14:34:58 INFO  no build target found for C:\Users\USER\Desktop\Verilog\Verilog\Scala\hello.scala. Using presentation compiler with project's scala-library version: 3.7.3
2026.01.16 14:34:58 INFO  no build target found for C:\Users\USER\Desktop\Verilog\Verilog\Scala\hello.scala. Using presentation compiler with project's scala-library version: 3.7.3
2026.01.16 14:34:58 WARN  Could not find semantic tokens for: file:///C:/Users/USER/Desktop/Verilog/Verilog/Scala/hello.scala
2026.01.16 14:34:59 INFO  no build target found for C:\Users\USER\Desktop\Verilog\Verilog\Scala\hello.scala. Using presentation compiler with project's scala-library version: 3.7.3
2026.01.16 14:34:59 INFO  no build target found for C:\Users\USER\Desktop\Verilog\Verilog\Scala\hello.scala. Using presentation compiler with project's scala-library version: 3.7.3
2026.01.16 14:35:00 INFO  no build target found for C:\Users\USER\Desktop\Verilog\Verilog\Scala\hello.scala. Using presentation compiler with project's scala-library version: 3.7.3
2026.01.16 14:35:00 WARN  Could not find semantic tokens for: file:///C:/Users/USER/Desktop/Verilog/Verilog/Scala/hello.scala
2026.01.16 14:34:59 INFO  no build target found for C:\Users\USER\Desktop\Verilog\Verilog\Scala\hello.scala. Using presentation compiler with project's scala-library version: 3.7.3
2026.01.16 14:35:00 INFO  no build target found for C:\Users\USER\Desktop\Verilog\Verilog\Scala\hello.scala. Using presentation compiler with project's scala-library version: 3.7.3
2026.01.16 14:35:01 INFO  no build target found for C:\Users\USER\Desktop\Verilog\Verilog\Scala\hello.scala. Using presentation compiler with project's scala-library version: 3.7.3
2026.01.16 14:35:01 INFO  no build target found for C:\Users\USER\Desktop\Verilog\Verilog\Scala\hello.scala. Using presentation compiler with project's scala-library version: 3.7.3
2026.01.16 14:35:00 INFO  no build target found for C:\Users\USER\Desktop\Verilog\Verilog\Scala\hello.scala. Using presentation compiler with project's scala-library version: 3.7.3
2026.01.16 14:35:01 WARN  Could not find semantic tokens for: file:///C:/Users/USER/Desktop/Verilog/Verilog/Scala/hello.scala
2026.01.16 14:35:02 INFO  no build target found for C:\Users\USER\Desktop\Verilog\Verilog\Scala\hello.scala. Using presentation compiler with project's scala-library version: 3.7.3
2026.01.16 14:35:02 INFO  no build target found for C:\Users\USER\Desktop\Verilog\Verilog\Scala\hello.scala. Using presentation compiler with project's scala-library version: 3.7.3
2026.01.16 14:35:02 INFO  no build target found for C:\Users\USER\Desktop\Verilog\Verilog\Scala\hello.scala. Using presentation compiler with project's scala-library version: 3.7.3
2026.01.16 14:35:02 INFO  no build target found for C:\Users\USER\Desktop\Verilog\Verilog\Scala\hello.scala. Using presentation compiler with project's scala-library version: 3.7.3
2026.01.16 14:35:03 INFO  no build target found for C:\Users\USER\Desktop\Verilog\Verilog\Scala\hello.scala. Using presentation compiler with project's scala-library version: 3.7.3
2026.01.16 14:35:08 INFO  no build target found for C:\Users\USER\Desktop\Verilog\Verilog\Scala\hello.scala. Using presentation compiler with project's scala-library version: 3.7.3
2026.01.16 14:35:08 WARN  no build target for: C:\Users\USER\Desktop\Verilog\Verilog\Scala\hello.scala
2026.01.16 14:35:08 WARN  Could not find semantic tokens for: file:///C:/Users/USER/Desktop/Verilog/Verilog/Scala/hello.scala
2026.01.16 14:35:32 INFO  no build target found for C:\Users\USER\Desktop\Verilog\Verilog\MyChiselProject\build.sbt. Using presentation compiler with project's scala-library version: 3.7.3
2026.01.16 14:35:33 WARN  Could not find semantic tokens for: file:///C:/Users/USER/Desktop/Verilog/Verilog/Scala/hello.scala
2026.01.16 14:39:30 WARN  No build server connected
2026.01.16 14:39:30 INFO  compiling verilog_d5c0a6989e (6 scala sources)
2026.01.16 14:39:30 INFO  time: compiled Verilog_d5c0a6989e in 0.59s
2026.01.16 14:39:30 INFO  compiling verilog_d5c0a6989e (6 scala sources)
2026.01.16 14:39:32 INFO  time: compiled Verilog_d5c0a6989e in 0.61s
2026.01.16 14:41:15 WARN  Could not find semantic tokens for: file:///C:/Users/USER/Desktop/Verilog/Verilog/Scala/hello.scala
2026.01.16 14:41:16 WARN  No build server connected
2026.01.16 14:41:16 INFO  compiling verilog_d5c0a6989e (7 scala sources)
2026.01.16 14:41:16 INFO  time: compiled Verilog_d5c0a6989e in 0.61s
2026.01.16 14:41:16 INFO  compiling verilog_d5c0a6989e (7 scala sources)
2026.01.16 14:41:17 INFO  time: compiled Verilog_d5c0a6989e in 0.69s
2026.01.16 14:41:22 WARN  Could not find semantic tokens for: file:///C:/Users/USER/Desktop/Verilog/Verilog/Scala/hello.scala
2026.01.16 14:41:23 WARN  Could not find semantic tokens for: file:///C:/Users/USER/Desktop/Verilog/Verilog/Scala/hello.scala
2026.01.16 14:41:23 WARN  Could not find semantic tokens for: file:///C:/Users/USER/Desktop/Verilog/Verilog/Scala/hello.scala
1月 16, 2026 2:41:34 下午 org.eclipse.lsp4j.jsonrpc.RemoteEndpoint handleCancellation
警告: Unmatched cancel notification for request id 306
1月 16, 2026 2:41:34 下午 org.eclipse.lsp4j.jsonrpc.RemoteEndpoint handleCancellation
警告: Unmatched cancel notification for request id 309
1月 16, 2026 2:41:35 下午 org.eclipse.lsp4j.jsonrpc.RemoteEndpoint handleCancellation
警告: Unmatched cancel notification for request id 316
1月 16, 2026 2:41:37 下午 org.eclipse.lsp4j.jsonrpc.RemoteEndpoint handleCancellation
警告: Unmatched cancel notification for request id 334
2026.01.16 14:41:55 INFO  compiling verilog_d5c0a6989e (7 scala sources)
2026.01.16 14:41:55 INFO  time: compiled Verilog_d5c0a6989e in 0.64s
2026.01.16 14:43:26 INFO  compiling verilog_d5c0a6989e (7 scala sources)
2026.01.16 14:43:26 INFO  time: compiled Verilog_d5c0a6989e in 0.6s
2026.01.16 14:45:16 INFO  compiling verilog_d5c0a6989e (7 scala sources)
2026.01.16 14:45:16 INFO  time: compiled Verilog_d5c0a6989e in 0.55s
2026.01.16 14:46:44 INFO  no build target found for C:\Users\USER\Desktop\Verilog\Verilog\Scala\for_test.scala. Using presentation compiler with project's scala-library version: 3.7.3
2026.01.16 14:46:44 WARN  no build target for: C:\Users\USER\Desktop\Verilog\Verilog\Scala\for_test.scala
2026.01.16 14:46:44 INFO  no build target found for C:\Users\USER\Desktop\Verilog\Verilog\Scala\for_test.scala. Using presentation compiler with project's scala-library version: 3.7.3
2026.01.16 14:46:44 INFO  no build target found for C:\Users\USER\Desktop\Verilog\Verilog\Scala\for_test.scala. Using presentation compiler with project's scala-library version: 3.7.3
2026.01.16 14:46:44 INFO  no build target found for C:\Users\USER\Desktop\Verilog\Verilog\Scala\for_test.scala. Using presentation compiler with project's scala-library version: 3.7.3
2026.01.16 14:46:45 INFO  no build target found for C:\Users\USER\Desktop\Verilog\Verilog\Scala\for_test.scala. Using presentation compiler with project's scala-library version: 3.7.3
2026.01.16 14:46:45 WARN  No build server connected
2026.01.16 14:46:45 INFO  compiling verilog_d5c0a6989e (7 scala sources)
2026.01.16 14:46:46 INFO  no build target found for C:\Users\USER\Desktop\Verilog\Verilog\Scala\for_test.scala. Using presentation compiler with project's scala-library version: 3.7.3
2026.01.16 14:46:45 INFO  time: compiled Verilog_d5c0a6989e in 0.51s
2026.01.16 14:46:45 INFO  compiling verilog_d5c0a6989e (7 scala sources)
2026.01.16 14:46:46 INFO  time: compiled Verilog_d5c0a6989e in 0.46s
2026.01.16 14:46:46 INFO  no build target found for C:\Users\USER\Desktop\Verilog\Verilog\Scala\for_test.scala. Using presentation compiler with project's scala-library version: 3.7.3
2026.01.16 14:46:47 INFO  no build target found for C:\Users\USER\Desktop\Verilog\Verilog\Scala\for_test.scala. Using presentation compiler with project's scala-library version: 3.7.3
2026.01.16 14:46:47 INFO  no build target found for C:\Users\USER\Desktop\Verilog\Verilog\Scala\for_test.scala. Using presentation compiler with project's scala-library version: 3.7.3
2026.01.16 14:46:47 INFO  no build target found for C:\Users\USER\Desktop\Verilog\Verilog\Scala\for_test.scala. Using presentation compiler with project's scala-library version: 3.7.3
2026.01.16 14:46:47 INFO  no build target found for C:\Users\USER\Desktop\Verilog\Verilog\Scala\for_test.scala. Using presentation compiler with project's scala-library version: 3.7.3
2026.01.16 14:46:47 WARN  Could not find semantic tokens for: file:///C:/Users/USER/Desktop/Verilog/Verilog/Scala/for_test.scala
2026.01.16 14:46:47 INFO  no build target found for C:\Users\USER\Desktop\Verilog\Verilog\Scala\for_test.scala. Using presentation compiler with project's scala-library version: 3.7.3
2026.01.16 14:46:47 INFO  no build target found for C:\Users\USER\Desktop\Verilog\Verilog\Scala\for_test.scala. Using presentation compiler with project's scala-library version: 3.7.3
2026.01.16 14:46:48 INFO  no build target found for C:\Users\USER\Desktop\Verilog\Verilog\Scala\for_test.scala. Using presentation compiler with project's scala-library version: 3.7.3
2026.01.16 14:46:48 INFO  no build target found for C:\Users\USER\Desktop\Verilog\Verilog\Scala\for_test.scala. Using presentation compiler with project's scala-library version: 3.7.3
2026.01.16 14:46:48 WARN  Could not find semantic tokens for: file:///C:/Users/USER/Desktop/Verilog/Verilog/Scala/for_test.scala
2026.01.16 14:46:53 INFO  no build target found for C:\Users\USER\Desktop\Verilog\Verilog\Scala\for_test.scala. Using presentation compiler with project's scala-library version: 3.7.3
2026.01.16 14:46:53 INFO  no build target found for C:\Users\USER\Desktop\Verilog\Verilog\Scala\for_test.scala. Using presentation compiler with project's scala-library version: 3.7.3
2026.01.16 14:46:53 INFO  no build target found for C:\Users\USER\Desktop\Verilog\Verilog\Scala\for_test.scala. Using presentation compiler with project's scala-library version: 3.7.3
2026.01.16 14:46:53 INFO  no build target found for C:\Users\USER\Desktop\Verilog\Verilog\Scala\for_test.scala. Using presentation compiler with project's scala-library version: 3.7.3
2026.01.16 14:46:59 INFO  no build target found for C:\Users\USER\Desktop\Verilog\Verilog\Scala\for_test.scala. Using presentation compiler with project's scala-library version: 3.7.3
2026.01.16 14:46:59 INFO  no build target found for C:\Users\USER\Desktop\Verilog\Verilog\Scala\for_test.scala. Using presentation compiler with project's scala-library version: 3.7.3
2026.01.16 14:46:59 INFO  no build target found for C:\Users\USER\Desktop\Verilog\Verilog\Scala\for_test.scala. Using presentation compiler with project's scala-library version: 3.7.3
2026.01.16 14:47:00 INFO  no build target found for C:\Users\USER\Desktop\Verilog\Verilog\Scala\for_test.scala. Using presentation compiler with project's scala-library version: 3.7.3
2026.01.16 14:47:00 INFO  no build target found for C:\Users\USER\Desktop\Verilog\Verilog\Scala\for_test.scala. Using presentation compiler with project's scala-library version: 3.7.3
1月 16, 2026 2:47:00 下午 org.eclipse.lsp4j.jsonrpc.RemoteEndpoint fallbackResponseError
嚴重: Internal error: java.lang.NullPointerException: Cannot invoke "Object.getClass()" because "this.tok" is null
java.util.concurrent.CompletionException: java.lang.NullPointerException: Cannot invoke "Object.getClass()" because "this.tok" is null
	at java.base/java.util.concurrent.CompletableFuture.wrapInCompletionException(CompletableFuture.java:323)
	at java.base/java.util.concurrent.CompletableFuture.encodeThrowable(CompletableFuture.java:376)
	at java.base/java.util.concurrent.CompletableFuture.completeThrowable(CompletableFuture.java:391)
	at java.base/java.util.concurrent.CompletableFuture$UniAccept.tryFire(CompletableFuture.java:729)
	at java.base/java.util.concurrent.CompletableFuture.postComplete(CompletableFuture.java:531)
	at java.base/java.util.concurrent.CompletableFuture.completeExceptionally(CompletableFuture.java:2221)
	at scala.meta.internal.metals.CancelTokens$.$anonfun$future$1(CancelTokens.scala:40)
	at scala.meta.internal.metals.CancelTokens$.$anonfun$future$1$adapted(CancelTokens.scala:38)
	at scala.concurrent.impl.Promise$Transformation.run(Promise.scala:517)
	at java.base/java.util.concurrent.ThreadPoolExecutor.runWorker(ThreadPoolExecutor.java:1090)
	at java.base/java.util.concurrent.ThreadPoolExecutor$Worker.run(ThreadPoolExecutor.java:614)
	at java.base/java.lang.Thread.run(Thread.java:1474)
Caused by: java.lang.NullPointerException: Cannot invoke "Object.getClass()" because "this.tok" is null
	at scala.meta.internal.parsers.ScalametaParser$XtensionToken.is(ScalametaParser.scala:403)
	at scala.meta.internal.parsers.ScalametaParser$XtensionToken.isAny(ScalametaParser.scala:406)
	at scala.meta.internal.parsers.ScalametaParser.scala$meta$internal$parsers$ScalametaParser$$peek(ScalametaParser.scala:419)
	at scala.meta.internal.parsers.ScalametaParser.withName$1(ScalametaParser.scala:3983)
	at scala.meta.internal.parsers.ScalametaParser.selfEither(ScalametaParser.scala:3987)
	at scala.meta.internal.parsers.ScalametaParser.$anonfun$scala$meta$internal$parsers$ScalametaParser$$templateStatSeq$1(ScalametaParser.scala:4260)
	at scala.meta.internal.parsers.ScalametaParser.scala$meta$internal$parsers$ScalametaParser$$tryParse(ScalametaParser.scala:205)
	at scala.meta.internal.parsers.ScalametaParser.scala$meta$internal$parsers$ScalametaParser$$templateStatSeq(ScalametaParser.scala:4260)
	at scala.meta.internal.parsers.ScalametaParser.$anonfun$templateBodyOnLeftBrace$2(ScalametaParser.scala:4119)
	at scala.meta.internal.parsers.ScalametaParser.inBracesOnOpen(ScalametaParser.scala:258)
	at scala.meta.internal.parsers.ScalametaParser.$anonfun$templateBodyOnLeftBrace$1(ScalametaParser.scala:4119)
	at scala.meta.internal.parsers.ScalametaParser.atPos(ScalametaParser.scala:324)
	at scala.meta.internal.parsers.ScalametaParser.autoPos(ScalametaParser.scala:379)
	at scala.meta.internal.parsers.ScalametaParser.templateBodyOnLeftBrace(ScalametaParser.scala:4119)
	at scala.meta.internal.parsers.ScalametaParser.templateBodyOpt(ScalametaParser.scala:4126)
	at scala.meta.internal.parsers.ScalametaParser.templateAfterExtends(ScalametaParser.scala:4074)
	at scala.meta.internal.parsers.ScalametaParser.$anonfun$template$1(ScalametaParser.scala:4095)
	at scala.meta.internal.parsers.ScalametaParser.atPos(ScalametaParser.scala:324)
	at scala.meta.internal.parsers.ScalametaParser.autoPos(ScalametaParser.scala:379)
	at scala.meta.internal.parsers.ScalametaParser.template(ScalametaParser.scala:4079)
	at scala.meta.internal.parsers.ScalametaParser.$anonfun$templateOpt$3(ScalametaParser.scala:4110)
	at scala.Option.getOrElse(Option.scala:201)
	at scala.meta.internal.parsers.ScalametaParser.$anonfun$templateOpt$1(ScalametaParser.scala:4108)
	at scala.meta.internal.parsers.ScalametaParser.atPos(ScalametaParser.scala:324)
	at scala.meta.internal.parsers.ScalametaParser.autoPos(ScalametaParser.scala:379)
	at scala.meta.internal.parsers.ScalametaParser.templateOpt(ScalametaParser.scala:4108)
	at scala.meta.internal.parsers.ScalametaParser.objectDef(ScalametaParser.scala:3831)
	at scala.meta.internal.parsers.ScalametaParser.$anonfun$tmplDef$1(ScalametaParser.scala:3757)
	at scala.meta.internal.parsers.ScalametaParser.autoEndPosOpt(ScalametaParser.scala:387)
	at scala.meta.internal.parsers.ScalametaParser.autoEndPosOpt(ScalametaParser.scala:391)
	at scala.meta.internal.parsers.ScalametaParser.tmplDef(ScalametaParser.scala:3753)
	at scala.meta.internal.parsers.ScalametaParser.topLevelTmplDef(ScalametaParser.scala:3747)
	at scala.meta.internal.parsers.ScalametaParser$$anonfun$2.applyOrElse(ScalametaParser.scala:4252)
	at scala.meta.internal.parsers.ScalametaParser$$anonfun$2.applyOrElse(ScalametaParser.scala:4246)
	at scala.PartialFunction.$anonfun$runWith$1(PartialFunction.scala:242)
	at scala.PartialFunction.$anonfun$runWith$1$adapted(PartialFunction.scala:241)
	at scala.meta.internal.parsers.ScalametaParser.statSeqBuf(ScalametaParser.scala:4239)
	at scala.meta.internal.parsers.ScalametaParser.$anonfun$statSeq$1(ScalametaParser.scala:4228)
	at scala.meta.internal.parsers.ScalametaParser.$anonfun$statSeq$1$adapted(ScalametaParser.scala:4228)
	at scala.meta.internal.parsers.ScalametaParser.scala$meta$internal$parsers$ScalametaParser$$listBy(ScalametaParser.scala:555)
	at scala.meta.internal.parsers.ScalametaParser.statSeq(ScalametaParser.scala:4228)
	at scala.meta.internal.parsers.ScalametaParser.bracelessPackageStats$1(ScalametaParser.scala:4398)
	at scala.meta.internal.parsers.ScalametaParser.$anonfun$source$1(ScalametaParser.scala:4401)
	at scala.meta.internal.parsers.ScalametaParser.atPos(ScalametaParser.scala:324)
	at scala.meta.internal.parsers.ScalametaParser.autoPos(ScalametaParser.scala:379)
	at scala.meta.internal.parsers.ScalametaParser.source(ScalametaParser.scala:4366)
	at scala.meta.internal.parsers.ScalametaParser.entrypointSource(ScalametaParser.scala:4404)
	at scala.meta.internal.parsers.ScalametaParser.parseSourceImpl(ScalametaParser.scala:114)
	at scala.meta.internal.parsers.ScalametaParser.$anonfun$parseSource$1(ScalametaParser.scala:111)
	at scala.meta.internal.parsers.ScalametaParser.parseRuleAfterBOF(ScalametaParser.scala:60)
	at scala.meta.internal.parsers.ScalametaParser.parseRule(ScalametaParser.scala:55)
	at scala.meta.internal.parsers.ScalametaParser.parseSource(ScalametaParser.scala:111)
	at scala.meta.parsers.Parse$.$anonfun$parseSource$1(Parse.scala:30)
	at scala.meta.parsers.Parse$$anon$1.apply(Parse.scala:37)
	at scala.meta.internal.mtags.ScalametaCommonEnrichments$XtensionInputOffset.safeParse(ScalametaCommonEnrichments.scala:650)
	at scala.meta.internal.parsing.Trees.$anonfun$parse$2(Trees.scala:224)
	at scala.Option.map(Option.scala:242)
	at scala.meta.internal.parsing.Trees.parse(Trees.scala:215)
	at scala.meta.internal.parsing.Trees.didChange(Trees.scala:171)
	at scala.meta.internal.metals.MetalsLspService.$anonfun$parseTreesAndPublishDiags$2(MetalsLspService.scala:615)
	at scala.runtime.java8.JFunction0$mcV$sp.apply(JFunction0$mcV$sp.scala:18)
	at scala.concurrent.Future$.$anonfun$apply$1(Future.scala:691)
	at scala.concurrent.impl.Promise$Transformation.run(Promise.scala:500)
	... 3 more

2026.01.16 14:47:00 INFO  no build target found for C:\Users\USER\Desktop\Verilog\Verilog\Scala\for_test.scala. Using presentation compiler with project's scala-library version: 3.7.3
2026.01.16 14:47:00 INFO  no build target found for C:\Users\USER\Desktop\Verilog\Verilog\Scala\for_test.scala. Using presentation compiler with project's scala-library version: 3.7.3
2026.01.16 14:47:00 INFO  no build target found for C:\Users\USER\Desktop\Verilog\Verilog\Scala\for_test.scala. Using presentation compiler with project's scala-library version: 3.7.3
1月 16, 2026 2:47:00 下午 org.eclipse.lsp4j.jsonrpc.RemoteEndpoint handleCancellation
警告: Unmatched cancel notification for request id 485
2026.01.16 14:47:00 INFO  no build target found for C:\Users\USER\Desktop\Verilog\Verilog\Scala\for_test.scala. Using presentation compiler with project's scala-library version: 3.7.3
2026.01.16 14:47:00 INFO  no build target found for C:\Users\USER\Desktop\Verilog\Verilog\Scala\for_test.scala. Using presentation compiler with project's scala-library version: 3.7.3
1月 16, 2026 2:47:00 下午 org.eclipse.lsp4j.jsonrpc.RemoteEndpoint fallbackResponseError
嚴重: Internal error: java.lang.NullPointerException: Cannot invoke "Object.getClass()" because "this.tok" is null
java.util.concurrent.CompletionException: java.lang.NullPointerException: Cannot invoke "Object.getClass()" because "this.tok" is null
	at java.base/java.util.concurrent.CompletableFuture.wrapInCompletionException(CompletableFuture.java:323)
	at java.base/java.util.concurrent.CompletableFuture.encodeThrowable(CompletableFuture.java:376)
	at java.base/java.util.concurrent.CompletableFuture.completeThrowable(CompletableFuture.java:391)
	at java.base/java.util.concurrent.CompletableFuture$UniAccept.tryFire(CompletableFuture.java:729)
	at java.base/java.util.concurrent.CompletableFuture.postComplete(CompletableFuture.java:531)
	at java.base/java.util.concurrent.CompletableFuture.completeExceptionally(CompletableFuture.java:2221)
	at scala.meta.internal.metals.CancelTokens$.$anonfun$future$1(CancelTokens.scala:40)
	at scala.meta.internal.metals.CancelTokens$.$anonfun$future$1$adapted(CancelTokens.scala:38)
	at scala.concurrent.impl.Promise$Transformation.run(Promise.scala:517)
	at java.base/java.util.concurrent.ThreadPoolExecutor.runWorker(ThreadPoolExecutor.java:1090)
	at java.base/java.util.concurrent.ThreadPoolExecutor$Worker.run(ThreadPoolExecutor.java:614)
	at java.base/java.lang.Thread.run(Thread.java:1474)
Caused by: java.lang.NullPointerException: Cannot invoke "Object.getClass()" because "this.tok" is null
	at scala.meta.internal.parsers.ScalametaParser$XtensionToken.is(ScalametaParser.scala:403)
	at scala.meta.internal.parsers.ScalametaParser$XtensionToken.isAny(ScalametaParser.scala:406)
	at scala.meta.internal.parsers.ScalametaParser.scala$meta$internal$parsers$ScalametaParser$$peek(ScalametaParser.scala:419)
	at scala.meta.internal.parsers.ScalametaParser.withName$1(ScalametaParser.scala:3983)
	at scala.meta.internal.parsers.ScalametaParser.selfEither(ScalametaParser.scala:3987)
	at scala.meta.internal.parsers.ScalametaParser.$anonfun$scala$meta$internal$parsers$ScalametaParser$$templateStatSeq$1(ScalametaParser.scala:4260)
	at scala.meta.internal.parsers.ScalametaParser.scala$meta$internal$parsers$ScalametaParser$$tryParse(ScalametaParser.scala:205)
	at scala.meta.internal.parsers.ScalametaParser.scala$meta$internal$parsers$ScalametaParser$$templateStatSeq(ScalametaParser.scala:4260)
	at scala.meta.internal.parsers.ScalametaParser.$anonfun$templateBodyOnLeftBrace$2(ScalametaParser.scala:4119)
	at scala.meta.internal.parsers.ScalametaParser.inBracesOnOpen(ScalametaParser.scala:258)
	at scala.meta.internal.parsers.ScalametaParser.$anonfun$templateBodyOnLeftBrace$1(ScalametaParser.scala:4119)
	at scala.meta.internal.parsers.ScalametaParser.atPos(ScalametaParser.scala:324)
	at scala.meta.internal.parsers.ScalametaParser.autoPos(ScalametaParser.scala:379)
	at scala.meta.internal.parsers.ScalametaParser.templateBodyOnLeftBrace(ScalametaParser.scala:4119)
	at scala.meta.internal.parsers.ScalametaParser.templateBodyOpt(ScalametaParser.scala:4126)
	at scala.meta.internal.parsers.ScalametaParser.templateAfterExtends(ScalametaParser.scala:4074)
	at scala.meta.internal.parsers.ScalametaParser.$anonfun$template$1(ScalametaParser.scala:4095)
	at scala.meta.internal.parsers.ScalametaParser.atPos(ScalametaParser.scala:324)
	at scala.meta.internal.parsers.ScalametaParser.autoPos(ScalametaParser.scala:379)
	at scala.meta.internal.parsers.ScalametaParser.template(ScalametaParser.scala:4079)
	at scala.meta.internal.parsers.ScalametaParser.$anonfun$templateOpt$3(ScalametaParser.scala:4110)
	at scala.Option.getOrElse(Option.scala:201)
	at scala.meta.internal.parsers.ScalametaParser.$anonfun$templateOpt$1(ScalametaParser.scala:4108)
	at scala.meta.internal.parsers.ScalametaParser.atPos(ScalametaParser.scala:324)
	at scala.meta.internal.parsers.ScalametaParser.autoPos(ScalametaParser.scala:379)
	at scala.meta.internal.parsers.ScalametaParser.templateOpt(ScalametaParser.scala:4108)
	at scala.meta.internal.parsers.ScalametaParser.objectDef(ScalametaParser.scala:3831)
	at scala.meta.internal.parsers.ScalametaParser.$anonfun$tmplDef$1(ScalametaParser.scala:3757)
	at scala.meta.internal.parsers.ScalametaParser.autoEndPosOpt(ScalametaParser.scala:387)
	at scala.meta.internal.parsers.ScalametaParser.autoEndPosOpt(ScalametaParser.scala:391)
	at scala.meta.internal.parsers.ScalametaParser.tmplDef(ScalametaParser.scala:3753)
	at scala.meta.internal.parsers.ScalametaParser.topLevelTmplDef(ScalametaParser.scala:3747)
	at scala.meta.internal.parsers.ScalametaParser$$anonfun$2.applyOrElse(ScalametaParser.scala:4252)
	at scala.meta.internal.parsers.ScalametaParser$$anonfun$2.applyOrElse(ScalametaParser.scala:4246)
	at scala.PartialFunction.$anonfun$runWith$1(PartialFunction.scala:242)
	at scala.PartialFunction.$anonfun$runWith$1$adapted(PartialFunction.scala:241)
	at scala.meta.internal.parsers.ScalametaParser.statSeqBuf(ScalametaParser.scala:4239)
	at scala.meta.internal.parsers.ScalametaParser.$anonfun$statSeq$1(ScalametaParser.scala:4228)
	at scala.meta.internal.parsers.ScalametaParser.$anonfun$statSeq$1$adapted(ScalametaParser.scala:4228)
	at scala.meta.internal.parsers.ScalametaParser.scala$meta$internal$parsers$ScalametaParser$$listBy(ScalametaParser.scala:555)
	at scala.meta.internal.parsers.ScalametaParser.statSeq(ScalametaParser.scala:4228)
	at scala.meta.internal.parsers.ScalametaParser.bracelessPackageStats$1(ScalametaParser.scala:4398)
	at scala.meta.internal.parsers.ScalametaParser.$anonfun$source$1(ScalametaParser.scala:4401)
	at scala.meta.internal.parsers.ScalametaParser.atPos(ScalametaParser.scala:324)
	at scala.meta.internal.parsers.ScalametaParser.autoPos(ScalametaParser.scala:379)
	at scala.meta.internal.parsers.ScalametaParser.source(ScalametaParser.scala:4366)
	at scala.meta.internal.parsers.ScalametaParser.entrypointSource(ScalametaParser.scala:4404)
	at scala.meta.internal.parsers.ScalametaParser.parseSourceImpl(ScalametaParser.scala:114)
	at scala.meta.internal.parsers.ScalametaParser.$anonfun$parseSource$1(ScalametaParser.scala:111)
	at scala.meta.internal.parsers.ScalametaParser.parseRuleAfterBOF(ScalametaParser.scala:60)
	at scala.meta.internal.parsers.ScalametaParser.parseRule(ScalametaParser.scala:55)
	at scala.meta.internal.parsers.ScalametaParser.parseSource(ScalametaParser.scala:111)
	at scala.meta.parsers.Parse$.$anonfun$parseSource$1(Parse.scala:30)
	at scala.meta.parsers.Parse$$anon$1.apply(Parse.scala:37)
	at scala.meta.internal.mtags.ScalametaCommonEnrichments$XtensionInputOffset.safeParse(ScalametaCommonEnrichments.scala:650)
	at scala.meta.internal.parsing.Trees.$anonfun$parse$2(Trees.scala:224)
	at scala.Option.map(Option.scala:242)
	at scala.meta.internal.parsing.Trees.parse(Trees.scala:215)
	at scala.meta.internal.parsing.Trees.didChange(Trees.scala:171)
	at scala.meta.internal.metals.MetalsLspService.$anonfun$parseTreesAndPublishDiags$2(MetalsLspService.scala:615)
	at scala.runtime.java8.JFunction0$mcV$sp.apply(JFunction0$mcV$sp.scala:18)
	at scala.concurrent.Future$.$anonfun$apply$1(Future.scala:691)
	at scala.concurrent.impl.Promise$Transformation.run(Promise.scala:500)
	... 3 more

2026.01.16 14:47:00 INFO  no build target found for C:\Users\USER\Desktop\Verilog\Verilog\Scala\for_test.scala. Using presentation compiler with project's scala-library version: 3.7.3
2026.01.16 14:47:00 INFO  no build target found for C:\Users\USER\Desktop\Verilog\Verilog\Scala\for_test.scala. Using presentation compiler with project's scala-library version: 3.7.3
2026.01.16 14:47:00 INFO  no build target found for C:\Users\USER\Desktop\Verilog\Verilog\Scala\for_test.scala. Using presentation compiler with project's scala-library version: 3.7.3
2026.01.16 14:47:00 INFO  no build target found for C:\Users\USER\Desktop\Verilog\Verilog\Scala\for_test.scala. Using presentation compiler with project's scala-library version: 3.7.3
2026.01.16 14:47:00 INFO  no build target found for C:\Users\USER\Desktop\Verilog\Verilog\Scala\for_test.scala. Using presentation compiler with project's scala-library version: 3.7.3
2026.01.16 14:47:00 INFO  no build target found for C:\Users\USER\Desktop\Verilog\Verilog\Scala\for_test.scala. Using presentation compiler with project's scala-library version: 3.7.3
2026.01.16 14:47:01 INFO  no build target found for C:\Users\USER\Desktop\Verilog\Verilog\Scala\for_test.scala. Using presentation compiler with project's scala-library version: 3.7.3
2026.01.16 14:47:00 INFO  no build target found for C:\Users\USER\Desktop\Verilog\Verilog\Scala\for_test.scala. Using presentation compiler with project's scala-library version: 3.7.3
2026.01.16 14:47:01 INFO  no build target found for C:\Users\USER\Desktop\Verilog\Verilog\Scala\for_test.scala. Using presentation compiler with project's scala-library version: 3.7.3
2026.01.16 14:47:01 INFO  no build target found for C:\Users\USER\Desktop\Verilog\Verilog\Scala\for_test.scala. Using presentation compiler with project's scala-library version: 3.7.3
1月 16, 2026 2:47:01 下午 org.eclipse.lsp4j.jsonrpc.RemoteEndpoint fallbackResponseError
嚴重: Internal error: java.lang.NullPointerException
java.util.concurrent.CompletionException: java.lang.NullPointerException
	at java.base/java.util.concurrent.CompletableFuture.wrapInCompletionException(CompletableFuture.java:323)
	at java.base/java.util.concurrent.CompletableFuture.encodeThrowable(CompletableFuture.java:376)
	at java.base/java.util.concurrent.CompletableFuture.completeThrowable(CompletableFuture.java:391)
	at java.base/java.util.concurrent.CompletableFuture$UniAccept.tryFire(CompletableFuture.java:729)
	at java.base/java.util.concurrent.CompletableFuture.postComplete(CompletableFuture.java:531)
	at java.base/java.util.concurrent.CompletableFuture.completeExceptionally(CompletableFuture.java:2221)
	at scala.meta.internal.metals.CancelTokens$.$anonfun$future$1(CancelTokens.scala:40)
	at scala.meta.internal.metals.CancelTokens$.$anonfun$future$1$adapted(CancelTokens.scala:38)
	at scala.concurrent.impl.Promise$Transformation.run(Promise.scala:517)
	at java.base/java.util.concurrent.ThreadPoolExecutor.runWorker(ThreadPoolExecutor.java:1090)
	at java.base/java.util.concurrent.ThreadPoolExecutor$Worker.run(ThreadPoolExecutor.java:614)
	at java.base/java.lang.Thread.run(Thread.java:1474)
Caused by: java.lang.NullPointerException

2026.01.16 14:47:01 INFO  no build target found for C:\Users\USER\Desktop\Verilog\Verilog\Scala\for_test.scala. Using presentation compiler with project's scala-library version: 3.7.3
2026.01.16 14:47:01 INFO  no build target found for C:\Users\USER\Desktop\Verilog\Verilog\Scala\for_test.scala. Using presentation compiler with project's scala-library version: 3.7.3
2026.01.16 14:47:01 INFO  no build target found for C:\Users\USER\Desktop\Verilog\Verilog\Scala\for_test.scala. Using presentation compiler with project's scala-library version: 3.7.3
2026.01.16 14:47:01 INFO  no build target found for C:\Users\USER\Desktop\Verilog\Verilog\Scala\for_test.scala. Using presentation compiler with project's scala-library version: 3.7.3
2026.01.16 14:47:03 INFO  no build target found for C:\Users\USER\Desktop\Verilog\Verilog\Scala\for_test.scala. Using presentation compiler with project's scala-library version: 3.7.3
2026.01.16 14:47:03 INFO  no build target found for C:\Users\USER\Desktop\Verilog\Verilog\Scala\for_test.scala. Using presentation compiler with project's scala-library version: 3.7.3
2026.01.16 14:47:03 INFO  no build target found for C:\Users\USER\Desktop\Verilog\Verilog\Scala\for_test.scala. Using presentation compiler with project's scala-library version: 3.7.3
2026.01.16 14:47:03 INFO  no build target found for C:\Users\USER\Desktop\Verilog\Verilog\Scala\for_test.scala. Using presentation compiler with project's scala-library version: 3.7.3
1月 16, 2026 2:47:03 下午 org.eclipse.lsp4j.jsonrpc.RemoteEndpoint handleCancellation
警告: Unmatched cancel notification for request id 518
2026.01.16 14:47:03 INFO  no build target found for C:\Users\USER\Desktop\Verilog\Verilog\Scala\for_test.scala. Using presentation compiler with project's scala-library version: 3.7.3
2026.01.16 14:47:03 INFO  no build target found for C:\Users\USER\Desktop\Verilog\Verilog\Scala\for_test.scala. Using presentation compiler with project's scala-library version: 3.7.3
2026.01.16 14:47:03 INFO  no build target found for C:\Users\USER\Desktop\Verilog\Verilog\Scala\for_test.scala. Using presentation compiler with project's scala-library version: 3.7.3
2026.01.16 14:47:03 INFO  no build target found for C:\Users\USER\Desktop\Verilog\Verilog\Scala\for_test.scala. Using presentation compiler with project's scala-library version: 3.7.3
2026.01.16 14:47:03 INFO  no build target found for C:\Users\USER\Desktop\Verilog\Verilog\Scala\for_test.scala. Using presentation compiler with project's scala-library version: 3.7.3
2026.01.16 14:47:03 INFO  no build target found for C:\Users\USER\Desktop\Verilog\Verilog\Scala\for_test.scala. Using presentation compiler with project's scala-library version: 3.7.3
2026.01.16 14:47:03 INFO  no build target found for C:\Users\USER\Desktop\Verilog\Verilog\Scala\for_test.scala. Using presentation compiler with project's scala-library version: 3.7.3
2026.01.16 14:47:04 INFO  no build target found for C:\Users\USER\Desktop\Verilog\Verilog\Scala\for_test.scala. Using presentation compiler with project's scala-library version: 3.7.3
2026.01.16 14:47:03 INFO  no build target found for C:\Users\USER\Desktop\Verilog\Verilog\Scala\for_test.scala. Using presentation compiler with project's scala-library version: 3.7.3
2026.01.16 14:47:06 INFO  no build target found for C:\Users\USER\Desktop\Verilog\Verilog\Scala\for_test.scala. Using presentation compiler with project's scala-library version: 3.7.3
2026.01.16 14:47:06 INFO  no build target found for C:\Users\USER\Desktop\Verilog\Verilog\Scala\for_test.scala. Using presentation compiler with project's scala-library version: 3.7.3
2026.01.16 14:47:06 INFO  no build target found for C:\Users\USER\Desktop\Verilog\Verilog\Scala\for_test.scala. Using presentation compiler with project's scala-library version: 3.7.3
2026.01.16 14:47:06 INFO  no build target found for C:\Users\USER\Desktop\Verilog\Verilog\Scala\for_test.scala. Using presentation compiler with project's scala-library version: 3.7.3
2026.01.16 14:47:06 INFO  no build target found for C:\Users\USER\Desktop\Verilog\Verilog\Scala\for_test.scala. Using presentation compiler with project's scala-library version: 3.7.3
2026.01.16 14:47:06 INFO  no build target found for C:\Users\USER\Desktop\Verilog\Verilog\Scala\for_test.scala. Using presentation compiler with project's scala-library version: 3.7.3
2026.01.16 14:47:06 INFO  no build target found for C:\Users\USER\Desktop\Verilog\Verilog\Scala\for_test.scala. Using presentation compiler with project's scala-library version: 3.7.3
2026.01.16 14:47:09 INFO  no build target found for C:\Users\USER\Desktop\Verilog\Verilog\Scala\for_test.scala. Using presentation compiler with project's scala-library version: 3.7.3
2026.01.16 14:47:09 INFO  no build target found for C:\Users\USER\Desktop\Verilog\Verilog\Scala\for_test.scala. Using presentation compiler with project's scala-library version: 3.7.3
2026.01.16 14:47:09 INFO  no build target found for C:\Users\USER\Desktop\Verilog\Verilog\Scala\for_test.scala. Using presentation compiler with project's scala-library version: 3.7.3
2026.01.16 14:47:09 INFO  no build target found for C:\Users\USER\Desktop\Verilog\Verilog\Scala\for_test.scala. Using presentation compiler with project's scala-library version: 3.7.3
2026.01.16 14:47:09 INFO  no build target found for C:\Users\USER\Desktop\Verilog\Verilog\Scala\for_test.scala. Using presentation compiler with project's scala-library version: 3.7.3
2026.01.16 14:47:09 INFO  no build target found for C:\Users\USER\Desktop\Verilog\Verilog\Scala\for_test.scala. Using presentation compiler with project's scala-library version: 3.7.3
2026.01.16 14:47:09 INFO  no build target found for C:\Users\USER\Desktop\Verilog\Verilog\Scala\for_test.scala. Using presentation compiler with project's scala-library version: 3.7.3
2026.01.16 14:47:10 INFO  no build target found for C:\Users\USER\Desktop\Verilog\Verilog\Scala\for_test.scala. Using presentation compiler with project's scala-library version: 3.7.3
2026.01.16 14:47:11 INFO  no build target found for C:\Users\USER\Desktop\Verilog\Verilog\Scala\for_test.scala. Using presentation compiler with project's scala-library version: 3.7.3
2026.01.16 14:47:11 INFO  no build target found for C:\Users\USER\Desktop\Verilog\Verilog\Scala\for_test.scala. Using presentation compiler with project's scala-library version: 3.7.3
2026.01.16 14:47:11 INFO  no build target found for C:\Users\USER\Desktop\Verilog\Verilog\Scala\for_test.scala. Using presentation compiler with project's scala-library version: 3.7.3
2026.01.16 14:47:11 INFO  no build target found for C:\Users\USER\Desktop\Verilog\Verilog\Scala\for_test.scala. Using presentation compiler with project's scala-library version: 3.7.3
2026.01.16 14:47:11 INFO  no build target found for C:\Users\USER\Desktop\Verilog\Verilog\Scala\for_test.scala. Using presentation compiler with project's scala-library version: 3.7.3
2026.01.16 14:47:11 INFO  no build target found for C:\Users\USER\Desktop\Verilog\Verilog\Scala\for_test.scala. Using presentation compiler with project's scala-library version: 3.7.3
2026.01.16 14:47:11 INFO  no build target found for C:\Users\USER\Desktop\Verilog\Verilog\Scala\for_test.scala. Using presentation compiler with project's scala-library version: 3.7.3
2026.01.16 14:47:11 INFO  no build target found for C:\Users\USER\Desktop\Verilog\Verilog\Scala\for_test.scala. Using presentation compiler with project's scala-library version: 3.7.3
2026.01.16 14:47:11 INFO  no build target found for C:\Users\USER\Desktop\Verilog\Verilog\Scala\for_test.scala. Using presentation compiler with project's scala-library version: 3.7.3
2026.01.16 14:47:11 INFO  no build target found for C:\Users\USER\Desktop\Verilog\Verilog\Scala\for_test.scala. Using presentation compiler with project's scala-library version: 3.7.3
2026.01.16 14:47:11 INFO  no build target found for C:\Users\USER\Desktop\Verilog\Verilog\Scala\for_test.scala. Using presentation compiler with project's scala-library version: 3.7.3
2026.01.16 14:47:12 INFO  no build target found for C:\Users\USER\Desktop\Verilog\Verilog\Scala\for_test.scala. Using presentation compiler with project's scala-library version: 3.7.3
2026.01.16 14:47:12 INFO  no build target found for C:\Users\USER\Desktop\Verilog\Verilog\Scala\for_test.scala. Using presentation compiler with project's scala-library version: 3.7.3
2026.01.16 14:47:12 INFO  no build target found for C:\Users\USER\Desktop\Verilog\Verilog\Scala\for_test.scala. Using presentation compiler with project's scala-library version: 3.7.3
2026.01.16 14:47:12 INFO  no build target found for C:\Users\USER\Desktop\Verilog\Verilog\Scala\for_test.scala. Using presentation compiler with project's scala-library version: 3.7.3
2026.01.16 14:47:12 INFO  no build target found for C:\Users\USER\Desktop\Verilog\Verilog\Scala\for_test.scala. Using presentation compiler with project's scala-library version: 3.7.3
2026.01.16 14:47:12 INFO  no build target found for C:\Users\USER\Desktop\Verilog\Verilog\Scala\for_test.scala. Using presentation compiler with project's scala-library version: 3.7.3
2026.01.16 14:47:12 INFO  no build target found for C:\Users\USER\Desktop\Verilog\Verilog\Scala\for_test.scala. Using presentation compiler with project's scala-library version: 3.7.3
1月 16, 2026 2:47:13 下午 org.eclipse.lsp4j.jsonrpc.RemoteEndpoint handleCancellation
警告: Unmatched cancel notification for request id 586
2026.01.16 14:47:12 INFO  no build target found for C:\Users\USER\Desktop\Verilog\Verilog\Scala\for_test.scala. Using presentation compiler with project's scala-library version: 3.7.3
1月 16, 2026 2:47:13 下午 org.eclipse.lsp4j.jsonrpc.RemoteEndpoint handleCancellation
警告: Unmatched cancel notification for request id 588
2026.01.16 14:47:13 INFO  no build target found for C:\Users\USER\Desktop\Verilog\Verilog\Scala\for_test.scala. Using presentation compiler with project's scala-library version: 3.7.3
2026.01.16 14:47:13 INFO  no build target found for C:\Users\USER\Desktop\Verilog\Verilog\Scala\for_test.scala. Using presentation compiler with project's scala-library version: 3.7.3
2026.01.16 14:47:13 INFO  no build target found for C:\Users\USER\Desktop\Verilog\Verilog\Scala\for_test.scala. Using presentation compiler with project's scala-library version: 3.7.3
2026.01.16 14:47:13 INFO  no build target found for C:\Users\USER\Desktop\Verilog\Verilog\Scala\for_test.scala. Using presentation compiler with project's scala-library version: 3.7.3
2026.01.16 14:47:13 INFO  no build target found for C:\Users\USER\Desktop\Verilog\Verilog\Scala\for_test.scala. Using presentation compiler with project's scala-library version: 3.7.3
2026.01.16 14:47:13 INFO  no build target found for C:\Users\USER\Desktop\Verilog\Verilog\Scala\for_test.scala. Using presentation compiler with project's scala-library version: 3.7.3
2026.01.16 14:47:16 INFO  no build target found for C:\Users\USER\Desktop\Verilog\Verilog\Scala\for_test.scala. Using presentation compiler with project's scala-library version: 3.7.3
2026.01.16 14:47:16 INFO  no build target found for C:\Users\USER\Desktop\Verilog\Verilog\Scala\for_test.scala. Using presentation compiler with project's scala-library version: 3.7.3
2026.01.16 14:47:16 INFO  no build target found for C:\Users\USER\Desktop\Verilog\Verilog\Scala\for_test.scala. Using presentation compiler with project's scala-library version: 3.7.3
2026.01.16 14:47:16 INFO  no build target found for C:\Users\USER\Desktop\Verilog\Verilog\Scala\for_test.scala. Using presentation compiler with project's scala-library version: 3.7.3
2026.01.16 14:47:16 INFO  no build target found for C:\Users\USER\Desktop\Verilog\Verilog\Scala\for_test.scala. Using presentation compiler with project's scala-library version: 3.7.3
2026.01.16 14:47:16 INFO  no build target found for C:\Users\USER\Desktop\Verilog\Verilog\Scala\for_test.scala. Using presentation compiler with project's scala-library version: 3.7.3
2026.01.16 14:47:16 INFO  no build target found for C:\Users\USER\Desktop\Verilog\Verilog\Scala\for_test.scala. Using presentation compiler with project's scala-library version: 3.7.3
2026.01.16 14:47:16 INFO  no build target found for C:\Users\USER\Desktop\Verilog\Verilog\Scala\for_test.scala. Using presentation compiler with project's scala-library version: 3.7.3
2026.01.16 14:47:16 INFO  no build target found for C:\Users\USER\Desktop\Verilog\Verilog\Scala\for_test.scala. Using presentation compiler with project's scala-library version: 3.7.3
2026.01.16 14:47:16 INFO  no build target found for C:\Users\USER\Desktop\Verilog\Verilog\Scala\for_test.scala. Using presentation compiler with project's scala-library version: 3.7.3
2026.01.16 14:47:17 INFO  no build target found for C:\Users\USER\Desktop\Verilog\Verilog\Scala\for_test.scala. Using presentation compiler with project's scala-library version: 3.7.3
2026.01.16 14:47:17 INFO  no build target found for C:\Users\USER\Desktop\Verilog\Verilog\Scala\for_test.scala. Using presentation compiler with project's scala-library version: 3.7.3
2026.01.16 14:47:17 INFO  no build target found for C:\Users\USER\Desktop\Verilog\Verilog\Scala\for_test.scala. Using presentation compiler with project's scala-library version: 3.7.3
2026.01.16 14:47:17 INFO  no build target found for C:\Users\USER\Desktop\Verilog\Verilog\Scala\for_test.scala. Using presentation compiler with project's scala-library version: 3.7.3
2026.01.16 14:47:17 INFO  no build target found for C:\Users\USER\Desktop\Verilog\Verilog\Scala\for_test.scala. Using presentation compiler with project's scala-library version: 3.7.3
2026.01.16 14:47:17 INFO  no build target found for C:\Users\USER\Desktop\Verilog\Verilog\Scala\for_test.scala. Using presentation compiler with project's scala-library version: 3.7.3
2026.01.16 14:47:18 INFO  no build target found for C:\Users\USER\Desktop\Verilog\Verilog\Scala\for_test.scala. Using presentation compiler with project's scala-library version: 3.7.3
2026.01.16 14:47:18 INFO  no build target found for C:\Users\USER\Desktop\Verilog\Verilog\Scala\for_test.scala. Using presentation compiler with project's scala-library version: 3.7.3
2026.01.16 14:47:18 INFO  no build target found for C:\Users\USER\Desktop\Verilog\Verilog\Scala\for_test.scala. Using presentation compiler with project's scala-library version: 3.7.3
2026.01.16 14:47:18 INFO  no build target found for C:\Users\USER\Desktop\Verilog\Verilog\Scala\for_test.scala. Using presentation compiler with project's scala-library version: 3.7.3
2026.01.16 14:47:18 INFO  no build target found for C:\Users\USER\Desktop\Verilog\Verilog\Scala\for_test.scala. Using presentation compiler with project's scala-library version: 3.7.3
2026.01.16 14:47:19 INFO  no build target found for C:\Users\USER\Desktop\Verilog\Verilog\Scala\for_test.scala. Using presentation compiler with project's scala-library version: 3.7.3
2026.01.16 14:47:19 INFO  no build target found for C:\Users\USER\Desktop\Verilog\Verilog\Scala\for_test.scala. Using presentation compiler with project's scala-library version: 3.7.3
2026.01.16 14:47:18 INFO  no build target found for C:\Users\USER\Desktop\Verilog\Verilog\Scala\for_test.scala. Using presentation compiler with project's scala-library version: 3.7.3
2026.01.16 14:47:19 INFO  no build target found for C:\Users\USER\Desktop\Verilog\Verilog\Scala\for_test.scala. Using presentation compiler with project's scala-library version: 3.7.3
2026.01.16 14:47:19 INFO  no build target found for C:\Users\USER\Desktop\Verilog\Verilog\Scala\for_test.scala. Using presentation compiler with project's scala-library version: 3.7.3
2026.01.16 14:47:22 INFO  no build target found for C:\Users\USER\Desktop\Verilog\Verilog\Scala\for_test.scala. Using presentation compiler with project's scala-library version: 3.7.3
2026.01.16 14:47:22 INFO  no build target found for C:\Users\USER\Desktop\Verilog\Verilog\Scala\for_test.scala. Using presentation compiler with project's scala-library version: 3.7.3
2026.01.16 14:47:22 INFO  no build target found for C:\Users\USER\Desktop\Verilog\Verilog\Scala\for_test.scala. Using presentation compiler with project's scala-library version: 3.7.3
2026.01.16 14:47:22 INFO  no build target found for C:\Users\USER\Desktop\Verilog\Verilog\Scala\for_test.scala. Using presentation compiler with project's scala-library version: 3.7.3
2026.01.16 14:47:22 INFO  no build target found for C:\Users\USER\Desktop\Verilog\Verilog\Scala\for_test.scala. Using presentation compiler with project's scala-library version: 3.7.3
2026.01.16 14:47:22 INFO  no build target found for C:\Users\USER\Desktop\Verilog\Verilog\Scala\for_test.scala. Using presentation compiler with project's scala-library version: 3.7.3
2026.01.16 14:47:22 INFO  no build target found for C:\Users\USER\Desktop\Verilog\Verilog\Scala\for_test.scala. Using presentation compiler with project's scala-library version: 3.7.3
2026.01.16 14:47:22 INFO  no build target found for C:\Users\USER\Desktop\Verilog\Verilog\Scala\for_test.scala. Using presentation compiler with project's scala-library version: 3.7.3
2026.01.16 14:47:22 INFO  no build target found for C:\Users\USER\Desktop\Verilog\Verilog\Scala\for_test.scala. Using presentation compiler with project's scala-library version: 3.7.3
2026.01.16 14:47:22 INFO  no build target found for C:\Users\USER\Desktop\Verilog\Verilog\Scala\for_test.scala. Using presentation compiler with project's scala-library version: 3.7.3
2026.01.16 14:47:22 INFO  no build target found for C:\Users\USER\Desktop\Verilog\Verilog\Scala\for_test.scala. Using presentation compiler with project's scala-library version: 3.7.3
2026.01.16 14:47:23 INFO  no build target found for C:\Users\USER\Desktop\Verilog\Verilog\Scala\for_test.scala. Using presentation compiler with project's scala-library version: 3.7.3
2026.01.16 14:47:23 INFO  no build target found for C:\Users\USER\Desktop\Verilog\Verilog\Scala\for_test.scala. Using presentation compiler with project's scala-library version: 3.7.3
2026.01.16 14:47:23 INFO  no build target found for C:\Users\USER\Desktop\Verilog\Verilog\Scala\for_test.scala. Using presentation compiler with project's scala-library version: 3.7.3
2026.01.16 14:47:23 INFO  no build target found for C:\Users\USER\Desktop\Verilog\Verilog\Scala\for_test.scala. Using presentation compiler with project's scala-library version: 3.7.3
2026.01.16 14:47:24 INFO  no build target found for C:\Users\USER\Desktop\Verilog\Verilog\Scala\for_test.scala. Using presentation compiler with project's scala-library version: 3.7.3
2026.01.16 14:47:24 INFO  no build target found for C:\Users\USER\Desktop\Verilog\Verilog\Scala\for_test.scala. Using presentation compiler with project's scala-library version: 3.7.3
2026.01.16 14:47:25 INFO  no build target found for C:\Users\USER\Desktop\Verilog\Verilog\Scala\for_test.scala. Using presentation compiler with project's scala-library version: 3.7.3
2026.01.16 14:47:25 INFO  no build target found for C:\Users\USER\Desktop\Verilog\Verilog\Scala\for_test.scala. Using presentation compiler with project's scala-library version: 3.7.3
2026.01.16 14:47:24 INFO  no build target found for C:\Users\USER\Desktop\Verilog\Verilog\Scala\for_test.scala. Using presentation compiler with project's scala-library version: 3.7.3
2026.01.16 14:47:24 INFO  no build target found for C:\Users\USER\Desktop\Verilog\Verilog\Scala\for_test.scala. Using presentation compiler with project's scala-library version: 3.7.3
2026.01.16 14:47:25 INFO  no build target found for C:\Users\USER\Desktop\Verilog\Verilog\Scala\for_test.scala. Using presentation compiler with project's scala-library version: 3.7.3
2026.01.16 14:47:25 INFO  no build target found for C:\Users\USER\Desktop\Verilog\Verilog\Scala\for_test.scala. Using presentation compiler with project's scala-library version: 3.7.3
2026.01.16 14:47:24 INFO  no build target found for C:\Users\USER\Desktop\Verilog\Verilog\Scala\for_test.scala. Using presentation compiler with project's scala-library version: 3.7.3
2026.01.16 14:47:25 INFO  no build target found for C:\Users\USER\Desktop\Verilog\Verilog\Scala\for_test.scala. Using presentation compiler with project's scala-library version: 3.7.3
2026.01.16 14:47:25 INFO  no build target found for C:\Users\USER\Desktop\Verilog\Verilog\Scala\for_test.scala. Using presentation compiler with project's scala-library version: 3.7.3
2026.01.16 14:47:26 INFO  no build target found for C:\Users\USER\Desktop\Verilog\Verilog\Scala\for_test.scala. Using presentation compiler with project's scala-library version: 3.7.3
2026.01.16 14:47:26 INFO  no build target found for C:\Users\USER\Desktop\Verilog\Verilog\Scala\for_test.scala. Using presentation compiler with project's scala-library version: 3.7.3
2026.01.16 14:47:27 INFO  no build target found for C:\Users\USER\Desktop\Verilog\Verilog\Scala\for_test.scala. Using presentation compiler with project's scala-library version: 3.7.3
2026.01.16 14:47:27 INFO  no build target found for C:\Users\USER\Desktop\Verilog\Verilog\Scala\for_test.scala. Using presentation compiler with project's scala-library version: 3.7.3
2026.01.16 14:47:27 INFO  no build target found for C:\Users\USER\Desktop\Verilog\Verilog\Scala\for_test.scala. Using presentation compiler with project's scala-library version: 3.7.3
2026.01.16 14:47:27 INFO  no build target found for C:\Users\USER\Desktop\Verilog\Verilog\Scala\for_test.scala. Using presentation compiler with project's scala-library version: 3.7.3
2026.01.16 14:47:27 INFO  no build target found for C:\Users\USER\Desktop\Verilog\Verilog\Scala\for_test.scala. Using presentation compiler with project's scala-library version: 3.7.3
2026.01.16 14:47:27 INFO  no build target found for C:\Users\USER\Desktop\Verilog\Verilog\Scala\for_test.scala. Using presentation compiler with project's scala-library version: 3.7.3
2026.01.16 14:47:27 INFO  no build target found for C:\Users\USER\Desktop\Verilog\Verilog\Scala\for_test.scala. Using presentation compiler with project's scala-library version: 3.7.3
2026.01.16 14:47:27 INFO  no build target found for C:\Users\USER\Desktop\Verilog\Verilog\Scala\for_test.scala. Using presentation compiler with project's scala-library version: 3.7.3
2026.01.16 14:47:27 INFO  no build target found for C:\Users\USER\Desktop\Verilog\Verilog\Scala\for_test.scala. Using presentation compiler with project's scala-library version: 3.7.3
2026.01.16 14:47:27 INFO  no build target found for C:\Users\USER\Desktop\Verilog\Verilog\Scala\for_test.scala. Using presentation compiler with project's scala-library version: 3.7.3
2026.01.16 14:47:28 INFO  no build target found for C:\Users\USER\Desktop\Verilog\Verilog\Scala\for_test.scala. Using presentation compiler with project's scala-library version: 3.7.3
2026.01.16 14:47:27 INFO  no build target found for C:\Users\USER\Desktop\Verilog\Verilog\Scala\for_test.scala. Using presentation compiler with project's scala-library version: 3.7.3
2026.01.16 14:47:29 INFO  no build target found for C:\Users\USER\Desktop\Verilog\Verilog\Scala\for_test.scala. Using presentation compiler with project's scala-library version: 3.7.3
2026.01.16 14:47:29 INFO  no build target found for C:\Users\USER\Desktop\Verilog\Verilog\Scala\for_test.scala. Using presentation compiler with project's scala-library version: 3.7.3
2026.01.16 14:47:29 INFO  no build target found for C:\Users\USER\Desktop\Verilog\Verilog\Scala\for_test.scala. Using presentation compiler with project's scala-library version: 3.7.3
2026.01.16 14:47:29 INFO  no build target found for C:\Users\USER\Desktop\Verilog\Verilog\Scala\for_test.scala. Using presentation compiler with project's scala-library version: 3.7.3
2026.01.16 14:47:29 INFO  no build target found for C:\Users\USER\Desktop\Verilog\Verilog\Scala\for_test.scala. Using presentation compiler with project's scala-library version: 3.7.3
2026.01.16 14:47:29 INFO  no build target found for C:\Users\USER\Desktop\Verilog\Verilog\Scala\for_test.scala. Using presentation compiler with project's scala-library version: 3.7.3
1月 16, 2026 2:47:29 下午 org.eclipse.lsp4j.jsonrpc.RemoteEndpoint handleCancellation
警告: Unmatched cancel notification for request id 728
2026.01.16 14:47:29 INFO  no build target found for C:\Users\USER\Desktop\Verilog\Verilog\Scala\for_test.scala. Using presentation compiler with project's scala-library version: 3.7.3
2026.01.16 14:47:29 INFO  no build target found for C:\Users\USER\Desktop\Verilog\Verilog\Scala\for_test.scala. Using presentation compiler with project's scala-library version: 3.7.3
2026.01.16 14:47:30 INFO  no build target found for C:\Users\USER\Desktop\Verilog\Verilog\Scala\for_test.scala. Using presentation compiler with project's scala-library version: 3.7.3
2026.01.16 14:47:29 INFO  no build target found for C:\Users\USER\Desktop\Verilog\Verilog\Scala\for_test.scala. Using presentation compiler with project's scala-library version: 3.7.3
2026.01.16 14:47:30 INFO  no build target found for C:\Users\USER\Desktop\Verilog\Verilog\Scala\for_test.scala. Using presentation compiler with project's scala-library version: 3.7.3
2026.01.16 14:47:30 INFO  no build target found for C:\Users\USER\Desktop\Verilog\Verilog\Scala\for_test.scala. Using presentation compiler with project's scala-library version: 3.7.3
2026.01.16 14:47:30 INFO  no build target found for C:\Users\USER\Desktop\Verilog\Verilog\Scala\for_test.scala. Using presentation compiler with project's scala-library version: 3.7.3
2026.01.16 14:47:30 INFO  no build target found for C:\Users\USER\Desktop\Verilog\Verilog\Scala\for_test.scala. Using presentation compiler with project's scala-library version: 3.7.3
2026.01.16 14:47:30 INFO  no build target found for C:\Users\USER\Desktop\Verilog\Verilog\Scala\for_test.scala. Using presentation compiler with project's scala-library version: 3.7.3
2026.01.16 14:47:30 INFO  no build target found for C:\Users\USER\Desktop\Verilog\Verilog\Scala\for_test.scala. Using presentation compiler with project's scala-library version: 3.7.3
2026.01.16 14:47:31 INFO  no build target found for C:\Users\USER\Desktop\Verilog\Verilog\Scala\for_test.scala. Using presentation compiler with project's scala-library version: 3.7.3
2026.01.16 14:47:31 INFO  no build target found for C:\Users\USER\Desktop\Verilog\Verilog\Scala\for_test.scala. Using presentation compiler with project's scala-library version: 3.7.3
2026.01.16 14:47:31 INFO  no build target found for C:\Users\USER\Desktop\Verilog\Verilog\Scala\for_test.scala. Using presentation compiler with project's scala-library version: 3.7.3
2026.01.16 14:47:32 INFO  no build target found for C:\Users\USER\Desktop\Verilog\Verilog\Scala\for_test.scala. Using presentation compiler with project's scala-library version: 3.7.3
2026.01.16 14:47:32 INFO  no build target found for C:\Users\USER\Desktop\Verilog\Verilog\Scala\for_test.scala. Using presentation compiler with project's scala-library version: 3.7.3
2026.01.16 14:47:33 INFO  no build target found for C:\Users\USER\Desktop\Verilog\Verilog\Scala\for_test.scala. Using presentation compiler with project's scala-library version: 3.7.3
2026.01.16 14:47:33 INFO  no build target found for C:\Users\USER\Desktop\Verilog\Verilog\Scala\for_test.scala. Using presentation compiler with project's scala-library version: 3.7.3
2026.01.16 14:47:33 INFO  no build target found for C:\Users\USER\Desktop\Verilog\Verilog\Scala\for_test.scala. Using presentation compiler with project's scala-library version: 3.7.3
2026.01.16 14:47:34 INFO  no build target found for C:\Users\USER\Desktop\Verilog\Verilog\Scala\for_test.scala. Using presentation compiler with project's scala-library version: 3.7.3
2026.01.16 14:47:34 INFO  no build target found for C:\Users\USER\Desktop\Verilog\Verilog\Scala\for_test.scala. Using presentation compiler with project's scala-library version: 3.7.3
2026.01.16 14:47:37 INFO  no build target found for C:\Users\USER\Desktop\Verilog\Verilog\Scala\for_test.scala. Using presentation compiler with project's scala-library version: 3.7.3
2026.01.16 14:47:37 INFO  no build target found for C:\Users\USER\Desktop\Verilog\Verilog\Scala\for_test.scala. Using presentation compiler with project's scala-library version: 3.7.3
2026.01.16 14:47:37 INFO  no build target found for C:\Users\USER\Desktop\Verilog\Verilog\Scala\for_test.scala. Using presentation compiler with project's scala-library version: 3.7.3
2026.01.16 14:47:37 INFO  no build target found for C:\Users\USER\Desktop\Verilog\Verilog\Scala\for_test.scala. Using presentation compiler with project's scala-library version: 3.7.3
2026.01.16 14:47:37 INFO  no build target found for C:\Users\USER\Desktop\Verilog\Verilog\Scala\for_test.scala. Using presentation compiler with project's scala-library version: 3.7.3
2026.01.16 14:47:37 INFO  no build target found for C:\Users\USER\Desktop\Verilog\Verilog\Scala\for_test.scala. Using presentation compiler with project's scala-library version: 3.7.3
2026.01.16 14:47:37 INFO  no build target found for C:\Users\USER\Desktop\Verilog\Verilog\Scala\for_test.scala. Using presentation compiler with project's scala-library version: 3.7.3
2026.01.16 14:47:37 INFO  no build target found for C:\Users\USER\Desktop\Verilog\Verilog\Scala\for_test.scala. Using presentation compiler with project's scala-library version: 3.7.3
2026.01.16 14:47:38 INFO  no build target found for C:\Users\USER\Desktop\Verilog\Verilog\Scala\for_test.scala. Using presentation compiler with project's scala-library version: 3.7.3
2026.01.16 14:47:38 INFO  no build target found for C:\Users\USER\Desktop\Verilog\Verilog\Scala\for_test.scala. Using presentation compiler with project's scala-library version: 3.7.3
2026.01.16 14:47:37 INFO  no build target found for C:\Users\USER\Desktop\Verilog\Verilog\Scala\for_test.scala. Using presentation compiler with project's scala-library version: 3.7.3
2026.01.16 14:47:38 INFO  no build target found for C:\Users\USER\Desktop\Verilog\Verilog\Scala\for_test.scala. Using presentation compiler with project's scala-library version: 3.7.3
2026.01.16 14:47:38 INFO  no build target found for C:\Users\USER\Desktop\Verilog\Verilog\Scala\for_test.scala. Using presentation compiler with project's scala-library version: 3.7.3
2026.01.16 14:47:39 INFO  no build target found for C:\Users\USER\Desktop\Verilog\Verilog\Scala\for_test.scala. Using presentation compiler with project's scala-library version: 3.7.3
2026.01.16 14:47:39 INFO  no build target found for C:\Users\USER\Desktop\Verilog\Verilog\Scala\for_test.scala. Using presentation compiler with project's scala-library version: 3.7.3
2026.01.16 14:47:38 INFO  no build target found for C:\Users\USER\Desktop\Verilog\Verilog\Scala\for_test.scala. Using presentation compiler with project's scala-library version: 3.7.3
2026.01.16 14:47:38 INFO  no build target found for C:\Users\USER\Desktop\Verilog\Verilog\Scala\for_test.scala. Using presentation compiler with project's scala-library version: 3.7.3
2026.01.16 14:47:38 INFO  no build target found for C:\Users\USER\Desktop\Verilog\Verilog\Scala\for_test.scala. Using presentation compiler with project's scala-library version: 3.7.3
2026.01.16 14:47:39 INFO  no build target found for C:\Users\USER\Desktop\Verilog\Verilog\Scala\for_test.scala. Using presentation compiler with project's scala-library version: 3.7.3
2026.01.16 14:47:39 INFO  no build target found for C:\Users\USER\Desktop\Verilog\Verilog\Scala\for_test.scala. Using presentation compiler with project's scala-library version: 3.7.3
2026.01.16 14:47:39 INFO  no build target found for C:\Users\USER\Desktop\Verilog\Verilog\Scala\for_test.scala. Using presentation compiler with project's scala-library version: 3.7.3
2026.01.16 14:47:39 INFO  no build target found for C:\Users\USER\Desktop\Verilog\Verilog\Scala\for_test.scala. Using presentation compiler with project's scala-library version: 3.7.3
2026.01.16 14:47:39 INFO  no build target found for C:\Users\USER\Desktop\Verilog\Verilog\Scala\for_test.scala. Using presentation compiler with project's scala-library version: 3.7.3
2026.01.16 14:47:41 INFO  no build target found for C:\Users\USER\Desktop\Verilog\Verilog\Scala\for_test.scala. Using presentation compiler with project's scala-library version: 3.7.3
2026.01.16 14:47:41 INFO  no build target found for C:\Users\USER\Desktop\Verilog\Verilog\Scala\for_test.scala. Using presentation compiler with project's scala-library version: 3.7.3
2026.01.16 14:47:42 INFO  no build target found for C:\Users\USER\Desktop\Verilog\Verilog\Scala\for_test.scala. Using presentation compiler with project's scala-library version: 3.7.3
2026.01.16 14:47:41 INFO  no build target found for C:\Users\USER\Desktop\Verilog\Verilog\Scala\for_test.scala. Using presentation compiler with project's scala-library version: 3.7.3
2026.01.16 14:47:42 INFO  no build target found for C:\Users\USER\Desktop\Verilog\Verilog\Scala\for_test.scala. Using presentation compiler with project's scala-library version: 3.7.3
1月 16, 2026 2:47:42 下午 org.eclipse.lsp4j.jsonrpc.RemoteEndpoint handleCancellation
警告: Unmatched cancel notification for request id 818
2026.01.16 14:47:41 INFO  no build target found for C:\Users\USER\Desktop\Verilog\Verilog\Scala\for_test.scala. Using presentation compiler with project's scala-library version: 3.7.3
2026.01.16 14:47:41 INFO  no build target found for C:\Users\USER\Desktop\Verilog\Verilog\Scala\for_test.scala. Using presentation compiler with project's scala-library version: 3.7.3
2026.01.16 14:47:42 INFO  no build target found for C:\Users\USER\Desktop\Verilog\Verilog\Scala\for_test.scala. Using presentation compiler with project's scala-library version: 3.7.3
2026.01.16 14:47:42 INFO  no build target found for C:\Users\USER\Desktop\Verilog\Verilog\Scala\for_test.scala. Using presentation compiler with project's scala-library version: 3.7.3
2026.01.16 14:47:41 INFO  no build target found for C:\Users\USER\Desktop\Verilog\Verilog\Scala\for_test.scala. Using presentation compiler with project's scala-library version: 3.7.3
2026.01.16 14:47:41 INFO  no build target found for C:\Users\USER\Desktop\Verilog\Verilog\Scala\for_test.scala. Using presentation compiler with project's scala-library version: 3.7.3
2026.01.16 14:47:43 INFO  no build target found for C:\Users\USER\Desktop\Verilog\Verilog\Scala\for_test.scala. Using presentation compiler with project's scala-library version: 3.7.3
2026.01.16 14:47:43 INFO  no build target found for C:\Users\USER\Desktop\Verilog\Verilog\Scala\for_test.scala. Using presentation compiler with project's scala-library version: 3.7.3
2026.01.16 14:47:43 INFO  no build target found for C:\Users\USER\Desktop\Verilog\Verilog\Scala\for_test.scala. Using presentation compiler with project's scala-library version: 3.7.3
2026.01.16 14:47:43 INFO  no build target found for C:\Users\USER\Desktop\Verilog\Verilog\Scala\for_test.scala. Using presentation compiler with project's scala-library version: 3.7.3
2026.01.16 14:47:43 INFO  no build target found for C:\Users\USER\Desktop\Verilog\Verilog\Scala\for_test.scala. Using presentation compiler with project's scala-library version: 3.7.3
2026.01.16 14:47:43 INFO  no build target found for C:\Users\USER\Desktop\Verilog\Verilog\Scala\for_test.scala. Using presentation compiler with project's scala-library version: 3.7.3
2026.01.16 14:47:43 INFO  no build target found for C:\Users\USER\Desktop\Verilog\Verilog\Scala\for_test.scala. Using presentation compiler with project's scala-library version: 3.7.3
2026.01.16 14:47:43 INFO  no build target found for C:\Users\USER\Desktop\Verilog\Verilog\Scala\for_test.scala. Using presentation compiler with project's scala-library version: 3.7.3
2026.01.16 14:47:44 INFO  no build target found for C:\Users\USER\Desktop\Verilog\Verilog\Scala\for_test.scala. Using presentation compiler with project's scala-library version: 3.7.3
2026.01.16 14:47:44 INFO  no build target found for C:\Users\USER\Desktop\Verilog\Verilog\Scala\for_test.scala. Using presentation compiler with project's scala-library version: 3.7.3
2026.01.16 14:47:44 INFO  no build target found for C:\Users\USER\Desktop\Verilog\Verilog\Scala\for_test.scala. Using presentation compiler with project's scala-library version: 3.7.3
2026.01.16 14:47:44 INFO  no build target found for C:\Users\USER\Desktop\Verilog\Verilog\Scala\for_test.scala. Using presentation compiler with project's scala-library version: 3.7.3
2026.01.16 14:47:43 INFO  no build target found for C:\Users\USER\Desktop\Verilog\Verilog\Scala\for_test.scala. Using presentation compiler with project's scala-library version: 3.7.3
2026.01.16 14:47:44 INFO  no build target found for C:\Users\USER\Desktop\Verilog\Verilog\Scala\for_test.scala. Using presentation compiler with project's scala-library version: 3.7.3
2026.01.16 14:47:44 INFO  no build target found for C:\Users\USER\Desktop\Verilog\Verilog\Scala\for_test.scala. Using presentation compiler with project's scala-library version: 3.7.3
2026.01.16 14:47:44 INFO  no build target found for C:\Users\USER\Desktop\Verilog\Verilog\Scala\for_test.scala. Using presentation compiler with project's scala-library version: 3.7.3
2026.01.16 14:47:44 INFO  no build target found for C:\Users\USER\Desktop\Verilog\Verilog\Scala\for_test.scala. Using presentation compiler with project's scala-library version: 3.7.3
2026.01.16 14:47:45 INFO  no build target found for C:\Users\USER\Desktop\Verilog\Verilog\Scala\for_test.scala. Using presentation compiler with project's scala-library version: 3.7.3
2026.01.16 14:47:45 INFO  no build target found for C:\Users\USER\Desktop\Verilog\Verilog\Scala\for_test.scala. Using presentation compiler with project's scala-library version: 3.7.3
2026.01.16 14:47:45 INFO  no build target found for C:\Users\USER\Desktop\Verilog\Verilog\Scala\for_test.scala. Using presentation compiler with project's scala-library version: 3.7.3
2026.01.16 14:47:45 INFO  no build target found for C:\Users\USER\Desktop\Verilog\Verilog\Scala\for_test.scala. Using presentation compiler with project's scala-library version: 3.7.3
2026.01.16 14:47:45 INFO  no build target found for C:\Users\USER\Desktop\Verilog\Verilog\Scala\for_test.scala. Using presentation compiler with project's scala-library version: 3.7.3
2026.01.16 14:47:45 INFO  no build target found for C:\Users\USER\Desktop\Verilog\Verilog\Scala\for_test.scala. Using presentation compiler with project's scala-library version: 3.7.3
2026.01.16 14:47:45 INFO  no build target found for C:\Users\USER\Desktop\Verilog\Verilog\Scala\for_test.scala. Using presentation compiler with project's scala-library version: 3.7.3
2026.01.16 14:47:45 INFO  no build target found for C:\Users\USER\Desktop\Verilog\Verilog\Scala\for_test.scala. Using presentation compiler with project's scala-library version: 3.7.3
2026.01.16 14:47:46 INFO  no build target found for C:\Users\USER\Desktop\Verilog\Verilog\Scala\for_test.scala. Using presentation compiler with project's scala-library version: 3.7.3
2026.01.16 14:47:45 INFO  no build target found for C:\Users\USER\Desktop\Verilog\Verilog\Scala\for_test.scala. Using presentation compiler with project's scala-library version: 3.7.3
2026.01.16 14:47:46 INFO  no build target found for C:\Users\USER\Desktop\Verilog\Verilog\Scala\for_test.scala. Using presentation compiler with project's scala-library version: 3.7.3
2026.01.16 14:47:46 INFO  no build target found for C:\Users\USER\Desktop\Verilog\Verilog\Scala\for_test.scala. Using presentation compiler with project's scala-library version: 3.7.3
2026.01.16 14:47:46 INFO  no build target found for C:\Users\USER\Desktop\Verilog\Verilog\Scala\for_test.scala. Using presentation compiler with project's scala-library version: 3.7.3
2026.01.16 14:47:45 INFO  no build target found for C:\Users\USER\Desktop\Verilog\Verilog\Scala\for_test.scala. Using presentation compiler with project's scala-library version: 3.7.3
2026.01.16 14:47:46 INFO  no build target found for C:\Users\USER\Desktop\Verilog\Verilog\Scala\for_test.scala. Using presentation compiler with project's scala-library version: 3.7.3
2026.01.16 14:47:47 INFO  no build target found for C:\Users\USER\Desktop\Verilog\Verilog\Scala\for_test.scala. Using presentation compiler with project's scala-library version: 3.7.3
2026.01.16 14:47:47 INFO  no build target found for C:\Users\USER\Desktop\Verilog\Verilog\Scala\for_test.scala. Using presentation compiler with project's scala-library version: 3.7.3
2026.01.16 14:47:47 INFO  no build target found for C:\Users\USER\Desktop\Verilog\Verilog\Scala\for_test.scala. Using presentation compiler with project's scala-library version: 3.7.3
2026.01.16 14:47:47 INFO  no build target found for C:\Users\USER\Desktop\Verilog\Verilog\Scala\for_test.scala. Using presentation compiler with project's scala-library version: 3.7.3
2026.01.16 14:47:47 INFO  no build target found for C:\Users\USER\Desktop\Verilog\Verilog\Scala\for_test.scala. Using presentation compiler with project's scala-library version: 3.7.3
2026.01.16 14:47:50 INFO  no build target found for C:\Users\USER\Desktop\Verilog\Verilog\Scala\for_test.scala. Using presentation compiler with project's scala-library version: 3.7.3
2026.01.16 14:47:50 INFO  no build target found for C:\Users\USER\Desktop\Verilog\Verilog\Scala\for_test.scala. Using presentation compiler with project's scala-library version: 3.7.3
2026.01.16 14:47:50 INFO  no build target found for C:\Users\USER\Desktop\Verilog\Verilog\Scala\for_test.scala. Using presentation compiler with project's scala-library version: 3.7.3
2026.01.16 14:47:50 INFO  no build target found for C:\Users\USER\Desktop\Verilog\Verilog\Scala\for_test.scala. Using presentation compiler with project's scala-library version: 3.7.3
2026.01.16 14:47:50 INFO  no build target found for C:\Users\USER\Desktop\Verilog\Verilog\Scala\for_test.scala. Using presentation compiler with project's scala-library version: 3.7.3
2026.01.16 14:47:50 INFO  no build target found for C:\Users\USER\Desktop\Verilog\Verilog\Scala\for_test.scala. Using presentation compiler with project's scala-library version: 3.7.3
2026.01.16 14:47:50 INFO  no build target found for C:\Users\USER\Desktop\Verilog\Verilog\Scala\for_test.scala. Using presentation compiler with project's scala-library version: 3.7.3
2026.01.16 14:47:50 INFO  no build target found for C:\Users\USER\Desktop\Verilog\Verilog\Scala\for_test.scala. Using presentation compiler with project's scala-library version: 3.7.3
2026.01.16 14:47:51 INFO  no build target found for C:\Users\USER\Desktop\Verilog\Verilog\Scala\for_test.scala. Using presentation compiler with project's scala-library version: 3.7.3
2026.01.16 14:47:51 INFO  no build target found for C:\Users\USER\Desktop\Verilog\Verilog\Scala\for_test.scala. Using presentation compiler with project's scala-library version: 3.7.3
2026.01.16 14:47:54 INFO  no build target found for C:\Users\USER\Desktop\Verilog\Verilog\Scala\for_test.scala. Using presentation compiler with project's scala-library version: 3.7.3
2026.01.16 14:47:54 INFO  no build target found for C:\Users\USER\Desktop\Verilog\Verilog\Scala\for_test.scala. Using presentation compiler with project's scala-library version: 3.7.3
2026.01.16 14:47:54 INFO  no build target found for C:\Users\USER\Desktop\Verilog\Verilog\Scala\for_test.scala. Using presentation compiler with project's scala-library version: 3.7.3
2026.01.16 14:47:54 INFO  no build target found for C:\Users\USER\Desktop\Verilog\Verilog\Scala\for_test.scala. Using presentation compiler with project's scala-library version: 3.7.3
2026.01.16 14:47:54 INFO  no build target found for C:\Users\USER\Desktop\Verilog\Verilog\Scala\for_test.scala. Using presentation compiler with project's scala-library version: 3.7.3
2026.01.16 14:47:54 INFO  no build target found for C:\Users\USER\Desktop\Verilog\Verilog\Scala\for_test.scala. Using presentation compiler with project's scala-library version: 3.7.3
2026.01.16 14:47:55 INFO  no build target found for C:\Users\USER\Desktop\Verilog\Verilog\Scala\for_test.scala. Using presentation compiler with project's scala-library version: 3.7.3
2026.01.16 14:47:55 INFO  no build target found for C:\Users\USER\Desktop\Verilog\Verilog\Scala\for_test.scala. Using presentation compiler with project's scala-library version: 3.7.3
2026.01.16 14:47:55 INFO  no build target found for C:\Users\USER\Desktop\Verilog\Verilog\Scala\for_test.scala. Using presentation compiler with project's scala-library version: 3.7.3
2026.01.16 14:47:55 INFO  no build target found for C:\Users\USER\Desktop\Verilog\Verilog\Scala\for_test.scala. Using presentation compiler with project's scala-library version: 3.7.3
2026.01.16 14:47:55 INFO  no build target found for C:\Users\USER\Desktop\Verilog\Verilog\Scala\for_test.scala. Using presentation compiler with project's scala-library version: 3.7.3
2026.01.16 14:47:55 INFO  no build target found for C:\Users\USER\Desktop\Verilog\Verilog\Scala\for_test.scala. Using presentation compiler with project's scala-library version: 3.7.3
2026.01.16 14:47:57 INFO  no build target found for C:\Users\USER\Desktop\Verilog\Verilog\Scala\for_test.scala. Using presentation compiler with project's scala-library version: 3.7.3
2026.01.16 14:47:57 INFO  no build target found for C:\Users\USER\Desktop\Verilog\Verilog\Scala\for_test.scala. Using presentation compiler with project's scala-library version: 3.7.3
2026.01.16 14:47:58 INFO  no build target found for C:\Users\USER\Desktop\Verilog\Verilog\Scala\for_test.scala. Using presentation compiler with project's scala-library version: 3.7.3
2026.01.16 14:47:58 INFO  no build target found for C:\Users\USER\Desktop\Verilog\Verilog\Scala\for_test.scala. Using presentation compiler with project's scala-library version: 3.7.3
2026.01.16 14:47:57 INFO  no build target found for C:\Users\USER\Desktop\Verilog\Verilog\Scala\for_test.scala. Using presentation compiler with project's scala-library version: 3.7.3
2026.01.16 14:47:57 INFO  no build target found for C:\Users\USER\Desktop\Verilog\Verilog\Scala\for_test.scala. Using presentation compiler with project's scala-library version: 3.7.3
2026.01.16 14:47:57 INFO  no build target found for C:\Users\USER\Desktop\Verilog\Verilog\Scala\for_test.scala. Using presentation compiler with project's scala-library version: 3.7.3
2026.01.16 14:47:58 INFO  no build target found for C:\Users\USER\Desktop\Verilog\Verilog\Scala\for_test.scala. Using presentation compiler with project's scala-library version: 3.7.3
2026.01.16 14:47:58 INFO  no build target found for C:\Users\USER\Desktop\Verilog\Verilog\Scala\for_test.scala. Using presentation compiler with project's scala-library version: 3.7.3
2026.01.16 14:47:57 INFO  no build target found for C:\Users\USER\Desktop\Verilog\Verilog\Scala\for_test.scala. Using presentation compiler with project's scala-library version: 3.7.3
2026.01.16 14:48:00 INFO  no build target found for C:\Users\USER\Desktop\Verilog\Verilog\Scala\for_test.scala. Using presentation compiler with project's scala-library version: 3.7.3
2026.01.16 14:48:00 INFO  no build target found for C:\Users\USER\Desktop\Verilog\Verilog\Scala\for_test.scala. Using presentation compiler with project's scala-library version: 3.7.3
2026.01.16 14:48:00 INFO  no build target found for C:\Users\USER\Desktop\Verilog\Verilog\Scala\for_test.scala. Using presentation compiler with project's scala-library version: 3.7.3
2026.01.16 14:48:00 INFO  no build target found for C:\Users\USER\Desktop\Verilog\Verilog\Scala\for_test.scala. Using presentation compiler with project's scala-library version: 3.7.3
2026.01.16 14:48:00 INFO  no build target found for C:\Users\USER\Desktop\Verilog\Verilog\Scala\for_test.scala. Using presentation compiler with project's scala-library version: 3.7.3
2026.01.16 14:48:00 INFO  no build target found for C:\Users\USER\Desktop\Verilog\Verilog\Scala\for_test.scala. Using presentation compiler with project's scala-library version: 3.7.3
2026.01.16 14:48:00 INFO  no build target found for C:\Users\USER\Desktop\Verilog\Verilog\Scala\for_test.scala. Using presentation compiler with project's scala-library version: 3.7.3
2026.01.16 14:48:00 INFO  no build target found for C:\Users\USER\Desktop\Verilog\Verilog\Scala\for_test.scala. Using presentation compiler with project's scala-library version: 3.7.3
2026.01.16 14:48:01 INFO  no build target found for C:\Users\USER\Desktop\Verilog\Verilog\Scala\for_test.scala. Using presentation compiler with project's scala-library version: 3.7.3
2026.01.16 14:48:01 INFO  no build target found for C:\Users\USER\Desktop\Verilog\Verilog\Scala\for_test.scala. Using presentation compiler with project's scala-library version: 3.7.3
2026.01.16 14:48:01 INFO  no build target found for C:\Users\USER\Desktop\Verilog\Verilog\Scala\for_test.scala. Using presentation compiler with project's scala-library version: 3.7.3
2026.01.16 14:48:01 INFO  no build target found for C:\Users\USER\Desktop\Verilog\Verilog\Scala\for_test.scala. Using presentation compiler with project's scala-library version: 3.7.3
2026.01.16 14:48:01 INFO  no build target found for C:\Users\USER\Desktop\Verilog\Verilog\Scala\for_test.scala. Using presentation compiler with project's scala-library version: 3.7.3
2026.01.16 14:48:01 INFO  no build target found for C:\Users\USER\Desktop\Verilog\Verilog\Scala\for_test.scala. Using presentation compiler with project's scala-library version: 3.7.3
2026.01.16 14:48:01 INFO  no build target found for C:\Users\USER\Desktop\Verilog\Verilog\Scala\for_test.scala. Using presentation compiler with project's scala-library version: 3.7.3
2026.01.16 14:48:02 INFO  no build target found for C:\Users\USER\Desktop\Verilog\Verilog\Scala\for_test.scala. Using presentation compiler with project's scala-library version: 3.7.3
2026.01.16 14:48:02 ERROR scalafmt: [3.10.0] C:\Users\USER\Desktop\Verilog\Verilog\Scala\for_test.scala:7: error: [dialect scala3] `}` expected but `end of file` found
  }
   ^
2026.01.16 14:48:03 WARN  no build target for: C:\Users\USER\Desktop\Verilog\Verilog\Scala\for_test.scala
1月 16, 2026 2:48:09 下午 org.eclipse.lsp4j.jsonrpc.RemoteEndpoint handleCancellation
警告: Unmatched cancel notification for request id 974
2026.01.16 14:48:11 INFO  compiling verilog_d5c0a6989e (7 scala sources)
2026.01.16 14:48:11 INFO  time: compiled Verilog_d5c0a6989e in 0.52s
2026.01.16 14:49:01 INFO  compiling verilog_d5c0a6989e (7 scala sources)
2026.01.16 14:49:01 INFO  time: compiled Verilog_d5c0a6989e in 0.6s
1月 16, 2026 2:49:40 下午 org.eclipse.lsp4j.jsonrpc.RemoteEndpoint handleCancellation
警告: Unmatched cancel notification for request id 1062
2026.01.16 14:49:41 INFO  compiling verilog_d5c0a6989e (7 scala sources)
2026.01.16 14:49:41 INFO  time: compiled Verilog_d5c0a6989e in 0.46s
2026.01.16 14:50:07 INFO  compiling verilog_d5c0a6989e (7 scala sources)
2026.01.16 14:50:07 INFO  time: compiled Verilog_d5c0a6989e in 0.57s
1月 16, 2026 2:51:11 下午 org.eclipse.lsp4j.jsonrpc.RemoteEndpoint handleCancellation
警告: Unmatched cancel notification for request id 1098
2026.01.16 14:51:19 INFO  compiling verilog_d5c0a6989e (7 scala sources)
2026.01.16 14:51:19 INFO  time: compiled Verilog_d5c0a6989e in 0.63s
2026.01.16 14:51:24 INFO  compiling verilog_d5c0a6989e (7 scala sources)
2026.01.16 14:51:24 INFO  time: compiled Verilog_d5c0a6989e in 0.44s
2026.01.16 14:52:49 INFO  compiling verilog_d5c0a6989e (7 scala sources)
2026.01.16 14:52:49 INFO  time: compiled Verilog_d5c0a6989e in 0.74s
2026.01.16 14:54:07 WARN  No build server connected
2026.01.16 14:54:07 INFO  compiling verilog_d5c0a6989e (7 scala sources)
2026.01.16 14:54:07 INFO  time: compiled Verilog_d5c0a6989e in 0.62s
2026.01.16 14:54:07 INFO  compiling verilog_d5c0a6989e (7 scala sources)
2026.01.16 14:54:09 INFO  time: compiled Verilog_d5c0a6989e in 0.56s
2026.01.16 14:54:44 INFO  no build target found for C:\Users\USER\Desktop\Verilog\Verilog\Scala\basic\var.scala. Using presentation compiler with project's scala-library version: 3.7.3
2026.01.16 14:54:44 WARN  no build target for: C:\Users\USER\Desktop\Verilog\Verilog\Scala\basic\var.scala
2026.01.16 14:54:44 INFO  no build target found for C:\Users\USER\Desktop\Verilog\Verilog\Scala\basic\var.scala. Using presentation compiler with project's scala-library version: 3.7.3
2026.01.16 14:54:44 WARN  Could not find semantic tokens for: file:///C:/Users/USER/Desktop/Verilog/Verilog/Scala/basic/var.scala
2026.01.16 14:54:44 INFO  no build target found for C:\Users\USER\Desktop\Verilog\Verilog\Scala\basic\var.scala. Using presentation compiler with project's scala-library version: 3.7.3
2026.01.16 14:54:44 WARN  Could not find semantic tokens for: file:///C:/Users/USER/Desktop/Verilog/Verilog/Scala/basic/var.scala
2026.01.16 14:54:44 WARN  No build server connected
2026.01.16 14:54:44 INFO  compiling verilog_d5c0a6989e (8 scala sources)
2026.01.16 14:54:44 INFO  time: compiled Verilog_d5c0a6989e in 0.4s
2026.01.16 14:54:44 INFO  compiling verilog_d5c0a6989e (8 scala sources)
2026.01.16 14:54:46 INFO  time: compiled Verilog_d5c0a6989e in 0.58s
2026.01.16 14:58:40 INFO  Shutting down server
2026.01.16 14:58:40 INFO  shutting down Metals
2026.01.16 14:58:40 INFO  Shut down connection with build server.
2026.01.16 14:58:40 INFO  Exiting server
